C51 COMPILER V9.56.0.0   DELAY                                                             11/12/2020 12:58:00 PAGE 1   


C51 COMPILER V9.56.0.0, COMPILATION OF MODULE DELAY
OBJECT MODULE PLACED IN .\Output\Delay.obj
COMPILER INVOKED BY: C:\Keil_v5\C51\BIN\C51.EXE Source\Delay.c ROM(COMPACT) OPTIMIZE(8,SPEED) BROWSE INCDIR(..\..\Includ
                    -e;.\Source) DEBUG OBJECTEXTEND PRINT(.\LST\Delay.lst) TABS(2) OBJECT(.\Output\Delay.obj)

line level    source

   1          /*--------------------------------------------------------------------------------------------------------
             --*/
   2          /*                                                                                                        
             - */
   3          /* Copyright(c) 2016 Nuvoton Technology Corp. All rights reserved.                                        
             - */
   4          /*                                                                                                        
             - */
   5          /*--------------------------------------------------------------------------------------------------------
             --*/
   6          
   7          //********************************************************************************************************
             -***
   8          //  Nuvoton Technoledge Corp. 
   9          //  Website: http://www.nuvoton.com
  10          //  E-Mail : MicroC-8bit@nuvoton.com
  11          //  Date   : Apr/21/2016
  12          //********************************************************************************************************
             -***
  13          
  14          #ifndef  OS_MASTER_FILE
  15          #define  OS_GLOBALS
  16          #include "includes.h"
  17          #endif
  18          
  19          
  20          bit BIT_TMP;
  21          
  22          //-------------------------------------------------------------------------
  23          void Timer0_Delay100us(UINT32 u32CNT)
  24          {
  25   1          clr_T0M;                                    //T0M=0, Timer0 Clock = Fsys/12
  26   1          TMOD |= 0x01;                               //Timer0 is 16-bit mode
  27   1          set_TR0;                                    //Start Timer0
  28   1          while (u32CNT != 0)
  29   1          {
  30   2              TL0 = LOBYTE(TIMER_DIV12_VALUE_100us);  //Find  define in "Function_define.h" "TIMER VALUE"
  31   2              TH0 = HIBYTE(TIMER_DIV12_VALUE_100us);
  32   2              while (TF0 != 1);                       //Check Timer0 Time-Out Flag
  33   2              clr_TF0;
  34   2              u32CNT --;
  35   2          }
  36   1          clr_TR0;                                    //Stop Timer0
  37   1      }
  38          //------------------------------------------------------------------------------
  39          void Timer0_Delay1ms(UINT32 u32CNT)
  40          {
  41   1          clr_T0M;                                    //T0M=0, Timer0 Clock = Fsys/12
  42   1          TMOD |= 0x01;                               //Timer0 is 16-bit mode
  43   1          set_TR0;                                    //Start Timer0
  44   1          while (u32CNT != 0)
  45   1          {
  46   2              TL0 = LOBYTE(TIMER_DIV12_VALUE_1ms);    //Find  define in "Function_define.h" "TIMER VALUE"
  47   2              TH0 = HIBYTE(TIMER_DIV12_VALUE_1ms);
C51 COMPILER V9.56.0.0   DELAY                                                             11/12/2020 12:58:00 PAGE 2   

  48   2              while (TF0 != 1);                       //Check Timer0 Time-Out Flag
  49   2              clr_TF0;
  50   2              u32CNT --;
  51   2          }
  52   1          clr_TR0;                                    //Stop Timer0
  53   1      }
  54          
  55          //------------------------------------------------------------------------------
  56          void Timer1_Delay10ms(UINT32 u32CNT)
  57          {
  58   1          clr_T1M;                                    //T1M=0, Timer1 Clock = Fsys/12
  59   1          TMOD |= 0x10;                               //Timer1 is 16-bit mode
  60   1          set_TR1;                                    //Start Timer1
  61   1          while (u32CNT != 0)
  62   1          {
  63   2              TL1 = LOBYTE(TIMER_DIV12_VALUE_10ms);   //Find  define in "Function_define.h" "TIMER VALUE"
  64   2              TH1 = HIBYTE(TIMER_DIV12_VALUE_10ms);
  65   2              while (TF1 != 1);                       //Check Timer1 Time-Out Flag
  66   2              clr_TF1;
  67   2              u32CNT --;
  68   2          }
  69   1          clr_TR1;                                    //Stop Timer1
  70   1      }
  71          //------------------------------------------------------------------------------
  72          void Timer2_Delay500us(UINT32 u32CNT)
  73          {
  74   1          clr_T2DIV2;                                 //Timer2 Clock = Fsys/4 
  75   1          clr_T2DIV1;
  76   1          set_T2DIV0;
  77   1          set_TR2;                                    //Start Timer2
  78   1          while (u32CNT != 0)
  79   1          {
  80   2              TL2 = LOBYTE(TIMER_DIV4_VALUE_500us);   //Find  define in "Function_define.h" "TIMER VALUE"
  81   2              TH2 = HIBYTE(TIMER_DIV4_VALUE_500us);
  82   2              while (TF2 != 1);                       //Check Timer2 Time-Out Flag
  83   2              clr_TF2;
  84   2              u32CNT --;
  85   2          }
  86   1          clr_TR2;                                    //Stop Timer2
  87   1      }
  88          //------------------------------------------------------------------------------
  89          void Timer3_Delay100ms(UINT32 u32CNT)
  90          {
  91   1          T3CON = 0x07;                               //Timer3 Clock = Fsys/128
  92   1          set_TR3;                                    //Trigger Timer3
  93   1          while (u32CNT != 0)
  94   1          {
  95   2              RL3 = LOBYTE(TIMER_DIV128_VALUE_100ms); //Find  define in "Function_define.h" "TIMER VALUE"
  96   2              RH3 = HIBYTE(TIMER_DIV128_VALUE_100ms);
  97   2              while ((T3CON&SET_BIT4) != SET_BIT4);   //Check Timer3 Time-Out Flag
  98   2              clr_TF3;
  99   2              u32CNT --;
 100   2          }
 101   1          clr_TR3;                                    //Stop Timer3
 102   1      }
 103          //------------------------------------------------------------------------------
 104          void Timer3_Delay10us(UINT32 u32CNT)
 105          {
 106   1          T3CON = 0x07;                               //Timer3 Clock = Fsys/128
 107   1          set_TR3;                                    //Trigger Timer3
 108   1          while (u32CNT != 0)
 109   1          {
C51 COMPILER V9.56.0.0   DELAY                                                             11/12/2020 12:58:00 PAGE 3   

 110   2              RL3 = LOBYTE(TIMER_DIV4_VALUE_10us); //Find  define in "Function_define.h" "TIMER VALUE"
 111   2              RH3 = HIBYTE(TIMER_DIV4_VALUE_10us);
 112   2              while ((T3CON&SET_BIT4) != SET_BIT4);   //Check Timer3 Time-Out Flag
 113   2              clr_TF3;
 114   2              u32CNT --;
 115   2          }
 116   1          clr_TR3;                                    //Stop Timer3
 117   1      }


MODULE INFORMATION:   STATIC OVERLAYABLE
   CODE SIZE        =    457    ----
   CONSTANT SIZE    =   ----    ----
   XDATA SIZE       =   ----    ----
   PDATA SIZE       =   ----    ----
   DATA SIZE        =   ----      24
   IDATA SIZE       =   ----    ----
   BIT SIZE         =      1    ----
END OF MODULE INFORMATION.


C51 COMPILATION COMPLETE.  0 WARNING(S),  0 ERROR(S)
