C51 COMPILER V9.56.0.0   TABLE                                                             11/12/2020 12:58:01 PAGE 1   


C51 COMPILER V9.56.0.0, COMPILATION OF MODULE TABLE
OBJECT MODULE PLACED IN .\Output\Table.obj
COMPILER INVOKED BY: C:\Keil_v5\C51\BIN\C51.EXE Source\Table.c ROM(COMPACT) OPTIMIZE(8,SPEED) BROWSE INCDIR(..\..\Includ
                    -e;.\Source) DEBUG OBJECTEXTEND PRINT(.\LST\Table.lst) TABS(2) OBJECT(.\Output\Table.obj)

line level    source

   1          
   2          
   3          
   4          #ifndef  OS_MASTER_FILE
   5          #define  OS_GLOBALS
   6          #include "includes.h"
   7          #endif
   8          
   9          
  10          
  11          #if (_IP1717B_)
              u8 IP1717B10Full[] = {
                0x25,0x0B,0x00,0xB1,0xFF,0xFF,0x00,0xB3,0xFF,0xFF,0x00,0xB5,0xFF,0xFF,0x00,0xB7,
                0xFF,0xFF,0x00,0xBF,0xFF,0xFF,0x00,0xC1,0xFF,0xFF,0x00,0xC3,0xFF,0xFF,0x00,0xC5,
                0xFF,0xFF,0x00,0xC9,0xDE,0x3C,0x00,0xCB,0xDE,0x3C,0x00,0x57,0xC0,0x00,0xFF,0xFF,
              };
              
              u8 IP1717BAN[] = {
                0x25,0x0B,0x00,0xB1,0xFF,0xFF,0x00,0xB3,0xFF,0xFF,0x00,0xB5,0xFF,0xFF,0x00,0xB7,
                0xFF,0xFF,0x00,0xBF,0xFF,0xFF,0x00,0xC1,0xFF,0xFF,0x00,0xC3,0xFF,0xFF,0x00,0xC5,
                0xFF,0xFF,0x00,0xC9,0xDE,0x3C,0x00,0xCB,0xDE,0x3C,0xFF,0xFF,0xFF,0xFF,0xFF,0xFF,
              };
              
              u8 IP1717BFull10M[] = {
                0x25,0x0B,0x00,0xB1,0xC0,0x04,0x00,0xB3,0xC0,0x08,0x00,0xB5,0xC0,0x10,0x00,0xB7,
                0xC0,0x20,0x00,0xBF,0xC2,0x00,0x00,0xC1,0xC4,0x00,0x00,0xC3,0xC8,0x00,0x00,0xC5,
                0xD0,0x00,0x00,0xC9,0xDE,0x3C,0x00,0xCB,0xDE,0x3C,0x00,0x57,0xC0,0x00,0xFF,0xFF,
              };
              
              u8 IP1717BFull100M[] = {
                0x25,0x0B,0x00,0xB1,0xC0,0x04,0x00,0xB3,0xC0,0x08,0x00,0xB5,0xC0,0x10,0x00,0xB7,
                0xC0,0x20,0x00,0xBF,0xC2,0x00,0x00,0xC1,0xC4,0x00,0x00,0xC3,0xC8,0x00,0x00,0xC5,
                0xD0,0x00,0x00,0xC9,0xDE,0x3C,0x00,0xCB,0xDE,0x3C,0xFF,0xFF,0xFF,0xFF,0xFF,0xFF,
              };
              
              #elif (_98DX316_)
  37          
  38          code u8 REGULAR_TABLE[] =
  39          {
  40            0x80, 0x00, 0x00, 0x00, 0x00, 0x00, 0x60, 0x0A, 0x84, 0x00, 0x42, 0x00, 0x00, 0x0B, 0x00, 0x00,
  41            0x85, 0x00, 0x42, 0x00, 0x00, 0x03, 0x00, 0x00, 0x84, 0x00, 0x40, 0x30, 0x0A, 0x41, 0x88, 0x20,
  42            0x84, 0x80, 0x40, 0x30, 0x16, 0xA4, 0xA0, 0xE6, 0x85, 0x00, 0x40, 0x30, 0x23, 0x07, 0xB9, 0xAC,
  43            0x85, 0x80, 0x40, 0x30, 0x2F, 0x6A, 0xD2, 0x72, 0x80, 0x00, 0x00, 0xD4, 0x08, 0x04, 0xCC, 0xCC,
  44            0x84, 0x00, 0x40, 0x34, 0x00, 0x00, 0x07, 0x40, 0x85, 0x00, 0x40, 0x34, 0x00, 0x00, 0x07, 0x40,
  45            0x84, 0x00, 0x40, 0x54, 0x02, 0xC0, 0xC0, 0x00, 0x84, 0x00, 0x40, 0x54, 0x02, 0xC1, 0xC0, 0x00,
  46            0x84, 0x00, 0x40, 0x54, 0x02, 0xC2, 0xC0, 0x00, 0x84, 0x00, 0x40, 0x54, 0x02, 0xC3, 0xC0, 0x00,
  47            0x84, 0x00, 0x40, 0x54, 0x02, 0xC4, 0xC0, 0x00, 0x84, 0x00, 0x40, 0x54, 0x02, 0xC5, 0xC0, 0x00,
  48            0x84, 0x00, 0x40, 0x54, 0x02, 0xC6, 0xC0, 0x00, 0x84, 0x00, 0x40, 0x54, 0x02, 0xC7, 0xC0, 0x00,
  49            0x84, 0x00, 0x40, 0x54, 0x02, 0xC8, 0xC0, 0x00, 0x84, 0x00, 0x40, 0x54, 0x02, 0xC9, 0xC0, 0x00,
  50            0x84, 0x00, 0x40, 0x54, 0x02, 0xCA, 0xC0, 0x00, 0x84, 0x00, 0x40, 0x54, 0x02, 0xCB, 0xC0, 0x00,
  51            0x84, 0x00, 0x40, 0x54, 0x02, 0xCC, 0xC0, 0x00, 0x84, 0x00, 0x40, 0x54, 0x02, 0xCD, 0xC0, 0x00,
  52            0x84, 0x00, 0x40, 0x54, 0x02, 0xCE, 0xC0, 0x00, 0x84, 0x00, 0x40, 0x54, 0x02, 0xCF, 0xC0, 0x00,
  53            0x84, 0x00, 0x40, 0x54, 0x02, 0xC0, 0xC0, 0xFD, 0x84, 0x00, 0x40, 0x54, 0x01, 0x00, 0x0B, 0x53,
  54            0x84, 0x00, 0x40, 0x54, 0x00, 0xE0, 0x20, 0x0D, 0x84, 0x00, 0x40, 0x54, 0x02, 0xC0, 0xC0, 0xFF,
C51 COMPILER V9.56.0.0   TABLE                                                             11/12/2020 12:58:01 PAGE 2   

  55            0x84, 0x00, 0x40, 0x54, 0x02, 0x20, 0xB0, 0x30, 0x84, 0x00, 0x40, 0x54, 0x02, 0x00, 0x21, 0x5C,
  56            0x84, 0x00, 0x40, 0x54, 0x02, 0xC0, 0xC0, 0xFC, 0x84, 0x00, 0x40, 0x54, 0x03, 0x00, 0x88, 0x8C,
  57            0x84, 0x00, 0x40, 0x54, 0x03, 0x10, 0x88, 0x8C, 0x84, 0x00, 0x40, 0x54, 0x02, 0xC0, 0xC0, 0x00,
  58            0x84, 0x00, 0x40, 0x54, 0x00, 0x00, 0x91, 0x40, 0x84, 0x00, 0x40, 0x54, 0x02, 0xC0, 0xC0, 0x04,
  59            0x84, 0x00, 0x40, 0x54, 0x02, 0x00, 0x62, 0x64, 0x84, 0x00, 0x40, 0x54, 0x00, 0x00, 0x91, 0x40,
  60            0x84, 0x00, 0x40, 0x54, 0x02, 0xC4, 0xC0, 0x12, 0x84, 0x00, 0x40, 0x54, 0x00, 0x04, 0x06, 0x00,
  61            0x84, 0x00, 0x40, 0x54, 0x02, 0xC0, 0xC0, 0x00, 0x84, 0x00, 0x40, 0x54, 0x01, 0xA0, 0x00, 0x07,
  62            0x84, 0x00, 0x40, 0x54, 0x01, 0xC0, 0x00, 0x3C, 0x84, 0x00, 0x40, 0x54, 0x01, 0xA0, 0x40, 0x07,
  63            0x84, 0x00, 0x40, 0x54, 0x01, 0xC0, 0x00, 0x00, 0x84, 0x00, 0x40, 0x54, 0x00, 0x00, 0x91, 0x40,
  64            0x84, 0x00, 0x40, 0x54, 0x02, 0xC0, 0xC0, 0x00, 0x84, 0x00, 0x40, 0x54, 0x00, 0x00, 0x13, 0x40,
  65            0x84, 0x00, 0x40, 0x54, 0x00, 0x80, 0x0D, 0xE1, 0x84, 0x00, 0x40, 0x54, 0x02, 0xC0, 0xC0, 0x04,
  66            0x84, 0x00, 0x40, 0x54, 0x03, 0x60, 0x3E, 0xA0, 0x84, 0x00, 0x40, 0x54, 0x02, 0xC0, 0xC0, 0x03,
  67            0x84, 0x00, 0x40, 0x54, 0x02, 0x00, 0x11, 0x17, 0x84, 0x00, 0x40, 0x54, 0x02, 0x20, 0x88, 0x00,
  68            0x84, 0x00, 0x40, 0x54, 0x02, 0xC0, 0xC0, 0x00, 0x84, 0x00, 0x40, 0x54, 0x02, 0x00, 0x3B, 0x60,
  69            0x84, 0x00, 0x40, 0x54, 0x00, 0x00, 0x91, 0x40, 0x85, 0x00, 0x40, 0x54, 0x02, 0xD0, 0xC0, 0x00,
  70            0x85, 0x00, 0x40, 0x54, 0x02, 0xD1, 0xC0, 0x00, 0x85, 0x00, 0x40, 0x54, 0x02, 0xD2, 0xC0, 0x00,
  71            0x85, 0x00, 0x40, 0x54, 0x02, 0xD3, 0xC0, 0x00, 0x85, 0x00, 0x40, 0x54, 0x02, 0xD4, 0xC0, 0x00,
  72            0x85, 0x00, 0x40, 0x54, 0x02, 0xD5, 0xC0, 0x00, 0x85, 0x00, 0x40, 0x54, 0x02, 0xD6, 0xC0, 0x00,
  73            0x85, 0x00, 0x40, 0x54, 0x02, 0xD7, 0xC0, 0x00, 0x85, 0x00, 0x40, 0x54, 0x02, 0xD8, 0xC0, 0x00,
  74            0x85, 0x00, 0x40, 0x54, 0x02, 0xD9, 0xC0, 0x00, 0x85, 0x00, 0x40, 0x54, 0x02, 0xDA, 0xC0, 0x00,
  75            0x85, 0x00, 0x40, 0x54, 0x02, 0xDB, 0xC0, 0x00, 0x85, 0x00, 0x40, 0x54, 0x02, 0xDC, 0xC0, 0x00,
  76            0x85, 0x00, 0x40, 0x54, 0x02, 0xDD, 0xC0, 0x00, 0x85, 0x00, 0x40, 0x54, 0x02, 0xDE, 0xC0, 0x00,
  77            0x85, 0x00, 0x40, 0x54, 0x02, 0xDF, 0xC0, 0x00, 0x85, 0x00, 0x40, 0x54, 0x02, 0xC0, 0xC0, 0xFD,
  78            0x85, 0x00, 0x40, 0x54, 0x01, 0x00, 0x0B, 0x53, 0x85, 0x00, 0x40, 0x54, 0x00, 0xE0, 0x20, 0x0D,
  79            0x85, 0x00, 0x40, 0x54, 0x02, 0xC0, 0xC0, 0xFF, 0x85, 0x00, 0x40, 0x54, 0x02, 0x20, 0xB0, 0x30,
  80            0x85, 0x00, 0x40, 0x54, 0x02, 0x00, 0x21, 0x5C, 0x85, 0x00, 0x40, 0x54, 0x02, 0xC0, 0xC0, 0xFC,
  81            0x85, 0x00, 0x40, 0x54, 0x03, 0x00, 0x88, 0x8C, 0x85, 0x00, 0x40, 0x54, 0x03, 0x10, 0x88, 0x8C,
  82            0x85, 0x00, 0x40, 0x54, 0x02, 0xC0, 0xC0, 0x00, 0x85, 0x00, 0x40, 0x54, 0x00, 0x00, 0x91, 0x40,
  83            0x85, 0x00, 0x40, 0x54, 0x02, 0xC0, 0xC0, 0xFD, 0x85, 0x00, 0x40, 0x54, 0x01, 0x00, 0x0B, 0x53,
  84            0x85, 0x00, 0x40, 0x54, 0x00, 0xE0, 0x20, 0x0D, 0x85, 0x00, 0x40, 0x54, 0x02, 0xC0, 0xC0, 0x04,
  85            0x85, 0x00, 0x40, 0x54, 0x02, 0x00, 0x62, 0x64, 0x85, 0x00, 0x40, 0x54, 0x00, 0x00, 0x91, 0x40,
  86            0x85, 0x00, 0x40, 0x54, 0x02, 0xC4, 0xC0, 0x12, 0x85, 0x00, 0x40, 0x54, 0x00, 0x04, 0x06, 0x00,
  87            0x85, 0x00, 0x40, 0x54, 0x02, 0xC0, 0xC0, 0x00, 0x85, 0x00, 0x40, 0x54, 0x01, 0xA0, 0x00, 0x07,
  88            0x85, 0x00, 0x40, 0x54, 0x01, 0xC0, 0x00, 0x3C, 0x85, 0x00, 0x40, 0x54, 0x01, 0xA0, 0x40, 0x07,
  89            0x85, 0x00, 0x40, 0x54, 0x01, 0xC0, 0x00, 0x00, 0x85, 0x00, 0x40, 0x54, 0x00, 0x00, 0x91, 0x40,
  90            0x85, 0x00, 0x40, 0x54, 0x02, 0xC0, 0xC0, 0x00, 0x85, 0x00, 0x40, 0x54, 0x00, 0x00, 0x13, 0x40,
  91            0x85, 0x00, 0x40, 0x54, 0x00, 0x80, 0x0D, 0xE1, 0x85, 0x00, 0x40, 0x54, 0x02, 0xC0, 0xC0, 0x04,
  92            0x85, 0x00, 0x40, 0x54, 0x03, 0x60, 0x3E, 0xA0, 0x85, 0x00, 0x40, 0x54, 0x02, 0xC0, 0xC0, 0x03,
  93            0x85, 0x00, 0x40, 0x54, 0x02, 0x00, 0x11, 0x17, 0x85, 0x00, 0x40, 0x54, 0x02, 0x20, 0x88, 0x00,
  94            0x85, 0x00, 0x40, 0x54, 0x02, 0xC0, 0xC0, 0x00, 0x85, 0x00, 0x40, 0x54, 0x02, 0x00, 0x3B, 0x60,
  95            0x85, 0x00, 0x40, 0x54, 0x00, 0x00, 0x91, 0x40, 0x98, 0x00, 0x00, 0x00, 0x00, 0x00, 0x3E, 0x80,
  96            0x98, 0x00, 0x10, 0x00, 0x00, 0x00, 0x3E, 0x80, 0x98, 0x00, 0x20, 0x00, 0x00, 0x00, 0x3E, 0x80,
  97            0x98, 0x00, 0x30, 0x00, 0x00, 0x00, 0x3E, 0x80, 0x98, 0x00, 0x40, 0x00, 0x00, 0x00, 0x3E, 0x80,
  98            0x98, 0x00, 0x50, 0x00, 0x00, 0x00, 0x3E, 0x80, 0x80, 0x00, 0x00, 0xF8, 0x00, 0x00, 0x00, 0x00,
  99            0x80, 0x00, 0x00, 0xF8, 0x00, 0x00, 0x00, 0x01, 0x80, 0x00, 0x00, 0xF8, 0x00, 0x00, 0x00, 0x02,
 100            0x80, 0x00, 0x00, 0xF8, 0x00, 0x00, 0x00, 0x03, 0x80, 0x00, 0x00, 0xF8, 0x00, 0x00, 0x00, 0x04,
 101            0x80, 0x00, 0x00, 0xF8, 0x00, 0x00, 0x00, 0x05, 0x80, 0x00, 0x00, 0xF8, 0x00, 0x00, 0x00, 0x06,
 102            0x80, 0x00, 0x00, 0xF8, 0x00, 0x00, 0x00, 0x07, 0x80, 0x00, 0x00, 0xF8, 0x00, 0x00, 0x00, 0x08,
 103            0x80, 0x00, 0x00, 0xF8, 0x00, 0x00, 0x00, 0x09, 0x98, 0x00, 0x00, 0x04, 0x00, 0x00, 0x00, 0x08,
 104            0x98, 0x00, 0x10, 0x04, 0x00, 0x00, 0x00, 0x08, 0x98, 0x00, 0x20, 0x04, 0x00, 0x00, 0x00, 0x08,
 105            0x98, 0x00, 0x30, 0x04, 0x00, 0x00, 0x00, 0x08, 0x98, 0x00, 0x40, 0x04, 0x00, 0x00, 0x00, 0x08,
 106            0x98, 0x00, 0x50, 0x04, 0x00, 0x00, 0x00, 0x08, 0x80, 0x00, 0x00, 0xF8, 0x00, 0x00, 0x00, 0x00,
 107            0x80, 0x00, 0x00, 0xF8, 0x00, 0x00, 0x00, 0x01, 0x80, 0x00, 0x00, 0xF8, 0x00, 0x00, 0x00, 0x02,
 108            0x80, 0x00, 0x00, 0xF8, 0x00, 0x00, 0x00, 0x03, 0x80, 0x00, 0x00, 0xF8, 0x00, 0x00, 0x00, 0x04,
 109            0x80, 0x00, 0x00, 0xF8, 0x00, 0x00, 0x00, 0x05, 0x80, 0x00, 0x00, 0xF8, 0x00, 0x00, 0x00, 0x06,
 110            0x80, 0x00, 0x00, 0xF8, 0x00, 0x00, 0x00, 0x07, 0x80, 0x00, 0x00, 0xF8, 0x00, 0x00, 0x00, 0x08,
 111            0x80, 0x00, 0x00, 0xF8, 0x00, 0x00, 0x00, 0x09, 0x98, 0x00, 0x02, 0x0C, 0x00, 0x00, 0x80, 0x0A,
 112            0x98, 0x00, 0x12, 0x0C, 0x00, 0x00, 0x80, 0x0A, 0x98, 0x00, 0x22, 0x0C, 0x00, 0x00, 0x80, 0x0A,
 113            0x98, 0x00, 0x32, 0x0C, 0x00, 0x00, 0x80, 0x0A, 0x98, 0x00, 0x42, 0x0C, 0x00, 0x00, 0x80, 0x0A,
 114            0x98, 0x00, 0x52, 0x0C, 0x00, 0x00, 0x80, 0x0A, 0x98, 0x00, 0x02, 0x10, 0x00, 0x00, 0x44, 0x14,
 115            0x98, 0x00, 0x12, 0x10, 0x00, 0x00, 0x44, 0x14, 0x98, 0x00, 0x22, 0x10, 0x00, 0x00, 0x44, 0x14,
 116            0x98, 0x00, 0x32, 0x10, 0x00, 0x00, 0x44, 0x14, 0x98, 0x00, 0x42, 0x10, 0x00, 0x00, 0x44, 0x14,
C51 COMPILER V9.56.0.0   TABLE                                                             11/12/2020 12:58:01 PAGE 3   

 117            0x98, 0x00, 0x52, 0x10, 0x00, 0x00, 0x44, 0x14, 0x98, 0x00, 0x02, 0x14, 0x00, 0x00, 0xA1, 0x50,
 118            0x98, 0x00, 0x12, 0x14, 0x00, 0x00, 0xA1, 0x50, 0x98, 0x00, 0x22, 0x14, 0x00, 0x00, 0xA1, 0x50,
 119            0x98, 0x00, 0x32, 0x14, 0x00, 0x00, 0xA1, 0x50, 0x98, 0x00, 0x42, 0x14, 0x00, 0x00, 0xA1, 0x50,
 120            0x98, 0x00, 0x52, 0x14, 0x00, 0x00, 0xA1, 0x50, 0x98, 0x00, 0x02, 0x18, 0x00, 0x00, 0xBA, 0xAB,
 121            0x98, 0x00, 0x12, 0x18, 0x00, 0x00, 0xBA, 0xAB, 0x98, 0x00, 0x22, 0x18, 0x00, 0x00, 0xBA, 0xAB,
 122            0x98, 0x00, 0x32, 0x18, 0x00, 0x00, 0xBA, 0xAB, 0x98, 0x00, 0x42, 0x18, 0x00, 0x00, 0xBA, 0xAB,
 123            0x98, 0x00, 0x52, 0x18, 0x00, 0x00, 0xBA, 0xAB, 0x98, 0x00, 0x02, 0x1C, 0x00, 0x00, 0x88, 0x2C,
 124            0x98, 0x00, 0x12, 0x1C, 0x00, 0x00, 0x88, 0x2C, 0x98, 0x00, 0x22, 0x1C, 0x00, 0x00, 0x88, 0x2C,
 125            0x98, 0x00, 0x32, 0x1C, 0x00, 0x00, 0x88, 0x2C, 0x98, 0x00, 0x42, 0x1C, 0x00, 0x00, 0x88, 0x2C,
 126            0x98, 0x00, 0x52, 0x1C, 0x00, 0x00, 0x88, 0x2C, 0x98, 0x00, 0x03, 0xCC, 0x00, 0x00, 0x20, 0x00,
 127            0x98, 0x00, 0x13, 0xCC, 0x00, 0x00, 0x20, 0x00, 0x98, 0x00, 0x23, 0xCC, 0x00, 0x00, 0x20, 0x00,
 128            0x98, 0x00, 0x33, 0xCC, 0x00, 0x00, 0x20, 0x00, 0x98, 0x00, 0x43, 0xCC, 0x00, 0x00, 0x20, 0x00,
 129            0x98, 0x00, 0x53, 0xCC, 0x00, 0x00, 0x20, 0x00, 0x98, 0x00, 0x02, 0x2C, 0x00, 0x00, 0x00, 0x00,
 130            0x98, 0x00, 0x12, 0x2C, 0x00, 0x00, 0x00, 0x00, 0x98, 0x00, 0x22, 0x2C, 0x00, 0x00, 0x00, 0x00,
 131            0x98, 0x00, 0x32, 0x2C, 0x00, 0x00, 0x00, 0x00, 0x98, 0x00, 0x42, 0x2C, 0x00, 0x00, 0x00, 0x00,
 132            0x98, 0x00, 0x52, 0x2C, 0x00, 0x00, 0x00, 0x00, 0x98, 0x00, 0x02, 0x30, 0x00, 0x00, 0x00, 0x00,
 133            0x98, 0x00, 0x12, 0x30, 0x00, 0x00, 0x00, 0x00, 0x98, 0x00, 0x22, 0x30, 0x00, 0x00, 0x00, 0x00,
 134            0x98, 0x00, 0x32, 0x30, 0x00, 0x00, 0x00, 0x00, 0x98, 0x00, 0x42, 0x30, 0x00, 0x00, 0x00, 0x00,
 135            0x98, 0x00, 0x52, 0x30, 0x00, 0x00, 0x00, 0x00, 0x98, 0x00, 0x02, 0x34, 0x00, 0x00, 0x40, 0x00,
 136            0x98, 0x00, 0x12, 0x34, 0x00, 0x00, 0x40, 0x00, 0x98, 0x00, 0x22, 0x34, 0x00, 0x00, 0x40, 0x00,
 137            0x98, 0x00, 0x32, 0x34, 0x00, 0x00, 0x40, 0x00, 0x98, 0x00, 0x42, 0x34, 0x00, 0x00, 0x40, 0x00,
 138            0x98, 0x00, 0x52, 0x34, 0x00, 0x00, 0x40, 0x00, 0x98, 0x00, 0x02, 0x3C, 0x00, 0x00, 0x00, 0x18,
 139            0x98, 0x00, 0x12, 0x3C, 0x00, 0x00, 0x00, 0x18, 0x98, 0x00, 0x22, 0x3C, 0x00, 0x00, 0x00, 0x18,
 140            0x98, 0x00, 0x32, 0x3C, 0x00, 0x00, 0x00, 0x18, 0x98, 0x00, 0x42, 0x3C, 0x00, 0x00, 0x00, 0x18,
 141            0x98, 0x00, 0x52, 0x3C, 0x00, 0x00, 0x00, 0x18, 0x98, 0x00, 0x02, 0x50, 0x00, 0x00, 0xA0, 0xC0,
 142            0x98, 0x00, 0x12, 0x50, 0x00, 0x00, 0xA0, 0xC0, 0x98, 0x00, 0x22, 0x50, 0x00, 0x00, 0xA0, 0xC0,
 143            0x98, 0x00, 0x32, 0x50, 0x00, 0x00, 0xA0, 0xC0, 0x98, 0x00, 0x42, 0x50, 0x00, 0x00, 0xA0, 0xC0,
 144            0x98, 0x00, 0x52, 0x50, 0x00, 0x00, 0xA0, 0xC0, 0x80, 0x00, 0x00, 0xF8, 0x00, 0x00, 0x00, 0x00,
 145            0x80, 0x00, 0x00, 0xF8, 0x00, 0x00, 0x00, 0x01, 0x80, 0x00, 0x00, 0xF8, 0x00, 0x00, 0x00, 0x02,
 146            0x80, 0x00, 0x00, 0xF8, 0x00, 0x00, 0x00, 0x03, 0x80, 0x00, 0x00, 0xF8, 0x00, 0x00, 0x00, 0x04,
 147            0x98, 0x00, 0x02, 0x50, 0x00, 0x00, 0xA0, 0x60, 0x98, 0x00, 0x12, 0x50, 0x00, 0x00, 0xA0, 0x60,
 148            0x98, 0x00, 0x22, 0x50, 0x00, 0x00, 0xA0, 0x60, 0x98, 0x00, 0x32, 0x50, 0x00, 0x00, 0xA0, 0x60,
 149            0x98, 0x00, 0x42, 0x50, 0x00, 0x00, 0xA0, 0x60, 0x98, 0x00, 0x52, 0x50, 0x00, 0x00, 0xA0, 0x60,
 150            0x98, 0x00, 0x02, 0x54, 0x00, 0x00, 0x55, 0x03, 0x98, 0x00, 0x12, 0x54, 0x00, 0x00, 0x55, 0x03,
 151            0x98, 0x00, 0x22, 0x54, 0x00, 0x00, 0x55, 0x03, 0x98, 0x00, 0x32, 0x54, 0x00, 0x00, 0x55, 0x03,
 152            0x98, 0x00, 0x42, 0x54, 0x00, 0x00, 0x55, 0x03, 0x98, 0x00, 0x52, 0x54, 0x00, 0x00, 0x55, 0x03,
 153            0x98, 0x00, 0x02, 0x58, 0x00, 0x00, 0x00, 0x00, 0x98, 0x00, 0x12, 0x58, 0x00, 0x00, 0x00, 0x00,
 154            0x98, 0x00, 0x22, 0x58, 0x00, 0x00, 0x00, 0x00, 0x98, 0x00, 0x32, 0x58, 0x00, 0x00, 0x00, 0x00,
 155            0x98, 0x00, 0x42, 0x58, 0x00, 0x00, 0x00, 0x00, 0x98, 0x00, 0x52, 0x58, 0x00, 0x00, 0x00, 0x00,
 156            0x98, 0x00, 0x02, 0x7C, 0x00, 0x00, 0x90, 0xAA, 0x98, 0x00, 0x12, 0x7C, 0x00, 0x00, 0x90, 0xAA,
 157            0x98, 0x00, 0x22, 0x7C, 0x00, 0x00, 0x90, 0xAA, 0x98, 0x00, 0x32, 0x7C, 0x00, 0x00, 0x90, 0xAA,
 158            0x98, 0x00, 0x42, 0x7C, 0x00, 0x00, 0x90, 0xAA, 0x98, 0x00, 0x52, 0x7C, 0x00, 0x00, 0x90, 0xAA,
 159            0x98, 0x00, 0x02, 0x80, 0x00, 0x00, 0x08, 0x00, 0x98, 0x00, 0x12, 0x80, 0x00, 0x00, 0x08, 0x00,
 160            0x98, 0x00, 0x22, 0x80, 0x00, 0x00, 0x08, 0x00, 0x98, 0x00, 0x32, 0x80, 0x00, 0x00, 0x08, 0x00,
 161            0x98, 0x00, 0x42, 0x80, 0x00, 0x00, 0x08, 0x00, 0x98, 0x00, 0x52, 0x80, 0x00, 0x00, 0x08, 0x00,
 162            0x98, 0x00, 0x02, 0x8C, 0x00, 0x00, 0x03, 0x71, 0x98, 0x00, 0x12, 0x8C, 0x00, 0x00, 0x03, 0x71,
 163            0x98, 0x00, 0x22, 0x8C, 0x00, 0x00, 0x03, 0x71, 0x98, 0x00, 0x32, 0x8C, 0x00, 0x00, 0x03, 0x71,
 164            0x98, 0x00, 0x42, 0x8C, 0x00, 0x00, 0x03, 0x71, 0x98, 0x00, 0x52, 0x8C, 0x00, 0x00, 0x03, 0x71,
 165            0x98, 0x00, 0x03, 0x5C, 0x00, 0x00, 0x42, 0x3F, 0x98, 0x00, 0x13, 0x5C, 0x00, 0x00, 0x42, 0x3F,
 166            0x98, 0x00, 0x23, 0x5C, 0x00, 0x00, 0x42, 0x3F, 0x98, 0x00, 0x33, 0x5C, 0x00, 0x00, 0x42, 0x3F,
 167            0x98, 0x00, 0x43, 0x5C, 0x00, 0x00, 0x42, 0x3F, 0x98, 0x00, 0x53, 0x5C, 0x00, 0x00, 0x42, 0x3F,
 168            0x98, 0x00, 0x03, 0x64, 0x00, 0x00, 0x55, 0x55, 0x98, 0x00, 0x13, 0x64, 0x00, 0x00, 0x55, 0x55,
 169            0x98, 0x00, 0x23, 0x64, 0x00, 0x00, 0x55, 0x55, 0x98, 0x00, 0x33, 0x64, 0x00, 0x00, 0x55, 0x55,
 170            0x98, 0x00, 0x43, 0x64, 0x00, 0x00, 0x55, 0x55, 0x98, 0x00, 0x53, 0x64, 0x00, 0x00, 0x55, 0x55,
 171            0x98, 0x00, 0x03, 0x6C, 0x00, 0x00, 0x00, 0x00, 0x98, 0x00, 0x13, 0x6C, 0x00, 0x00, 0x00, 0x00,
 172            0x98, 0x00, 0x23, 0x6C, 0x00, 0x00, 0x00, 0x00, 0x98, 0x00, 0x33, 0x6C, 0x00, 0x00, 0x00, 0x00,
 173            0x98, 0x00, 0x43, 0x6C, 0x00, 0x00, 0x00, 0x00, 0x98, 0x00, 0x53, 0x6C, 0x00, 0x00, 0x00, 0x00,
 174            0x98, 0x00, 0x02, 0x34, 0x00, 0x00, 0x40, 0x00, 0x98, 0x00, 0x12, 0x34, 0x00, 0x00, 0x40, 0x00,
 175            0x98, 0x00, 0x22, 0x34, 0x00, 0x00, 0x40, 0x00, 0x98, 0x00, 0x32, 0x34, 0x00, 0x00, 0x40, 0x00,
 176            0x98, 0x00, 0x42, 0x34, 0x00, 0x00, 0x40, 0x00, 0x98, 0x00, 0x52, 0x34, 0x00, 0x00, 0x40, 0x00,
 177            0x98, 0x00, 0x02, 0x28, 0x00, 0x00, 0xE0, 0xC0, 0x98, 0x00, 0x12, 0x28, 0x00, 0x00, 0xE0, 0xC0,
 178            0x98, 0x00, 0x22, 0x28, 0x00, 0x00, 0xE0, 0xC0, 0x98, 0x00, 0x32, 0x28, 0x00, 0x00, 0xE0, 0xC0,
C51 COMPILER V9.56.0.0   TABLE                                                             11/12/2020 12:58:01 PAGE 4   

 179            0x98, 0x00, 0x42, 0x28, 0x00, 0x00, 0xE0, 0xC0, 0x98, 0x00, 0x52, 0x28, 0x00, 0x00, 0xE0, 0xC0,
 180            0x98, 0x00, 0x03, 0x6C, 0x00, 0x00, 0x80, 0x40, 0x98, 0x00, 0x13, 0x6C, 0x00, 0x00, 0x80, 0x40,
 181            0x98, 0x00, 0x23, 0x6C, 0x00, 0x00, 0x80, 0x40, 0x98, 0x00, 0x33, 0x6C, 0x00, 0x00, 0x80, 0x40,
 182            0x98, 0x00, 0x43, 0x6C, 0x00, 0x00, 0x80, 0x40, 0x98, 0x00, 0x53, 0x6C, 0x00, 0x00, 0x80, 0x40,
 183            0x98, 0x00, 0x03, 0x6C, 0x00, 0x00, 0x80, 0x00, 0x98, 0x00, 0x13, 0x6C, 0x00, 0x00, 0x80, 0x00,
 184            0x98, 0x00, 0x23, 0x6C, 0x00, 0x00, 0x80, 0x00, 0x98, 0x00, 0x33, 0x6C, 0x00, 0x00, 0x80, 0x00,
 185            0x98, 0x00, 0x43, 0x6C, 0x00, 0x00, 0x80, 0x00, 0x98, 0x00, 0x53, 0x6C, 0x00, 0x00, 0x80, 0x00,
 186            0x80, 0x00, 0x00, 0xF8, 0x00, 0x00, 0x00, 0x00, 0x80, 0x00, 0x00, 0xF8, 0x00, 0x00, 0x00, 0x01,
 187            0x80, 0x00, 0x00, 0xF8, 0x00, 0x00, 0x00, 0x02, 0x80, 0x00, 0x00, 0xF8, 0x00, 0x00, 0x00, 0x03,
 188            0x80, 0x00, 0x00, 0xF8, 0x00, 0x00, 0x00, 0x04, 0x80, 0x00, 0x00, 0xF8, 0x00, 0x00, 0x00, 0x05,
 189            0x80, 0x00, 0x00, 0xF8, 0x00, 0x00, 0x00, 0x06, 0x80, 0x00, 0x00, 0xF8, 0x00, 0x00, 0x00, 0x07,
 190            0x80, 0x00, 0x00, 0xF8, 0x00, 0x00, 0x00, 0x08, 0x80, 0x00, 0x00, 0xF8, 0x00, 0x00, 0x00, 0x09,
 191            0x98, 0x00, 0x02, 0x24, 0x00, 0x00, 0x00, 0x00, 0x98, 0x00, 0x12, 0x24, 0x00, 0x00, 0x00, 0x00,
 192            0x98, 0x00, 0x22, 0x24, 0x00, 0x00, 0x00, 0x00, 0x98, 0x00, 0x32, 0x24, 0x00, 0x00, 0x00, 0x00,
 193            0x98, 0x00, 0x42, 0x24, 0x00, 0x00, 0x00, 0x00, 0x98, 0x00, 0x52, 0x24, 0x00, 0x00, 0x00, 0x00,
 194            0x98, 0x00, 0x02, 0x24, 0x00, 0x00, 0x80, 0x00, 0x98, 0x00, 0x12, 0x24, 0x00, 0x00, 0x80, 0x00,
 195            0x98, 0x00, 0x22, 0x24, 0x00, 0x00, 0x80, 0x00, 0x98, 0x00, 0x32, 0x24, 0x00, 0x00, 0x80, 0x00,
 196            0x98, 0x00, 0x42, 0x24, 0x00, 0x00, 0x80, 0x00, 0x98, 0x00, 0x52, 0x24, 0x00, 0x00, 0x80, 0x00,
 197            0x98, 0x00, 0x02, 0x24, 0x00, 0x00, 0x00, 0x00, 0x98, 0x00, 0x12, 0x24, 0x00, 0x00, 0x00, 0x00,
 198            0x98, 0x00, 0x22, 0x24, 0x00, 0x00, 0x00, 0x00, 0x98, 0x00, 0x32, 0x24, 0x00, 0x00, 0x00, 0x00,
 199            0x98, 0x00, 0x42, 0x24, 0x00, 0x00, 0x00, 0x00, 0x98, 0x00, 0x52, 0x24, 0x00, 0x00, 0x00, 0x00,
 200            0x80, 0x00, 0x00, 0xF8, 0x00, 0x00, 0x00, 0x00, 0x80, 0x00, 0x00, 0xF8, 0x00, 0x00, 0x00, 0x01,
 201            0x80, 0x00, 0x00, 0xF8, 0x00, 0x00, 0x00, 0x02, 0x80, 0x00, 0x00, 0xF8, 0x00, 0x00, 0x00, 0x03,
 202            0x80, 0x00, 0x00, 0xF8, 0x00, 0x00, 0x00, 0x04, 0x80, 0x00, 0x00, 0xF8, 0x00, 0x00, 0x00, 0x05,
 203            0x80, 0x00, 0x00, 0xF8, 0x00, 0x00, 0x00, 0x06, 0x80, 0x00, 0x00, 0xF8, 0x00, 0x00, 0x00, 0x07,
 204            0x80, 0x00, 0x00, 0xF8, 0x00, 0x00, 0x00, 0x08, 0x80, 0x00, 0x00, 0xF8, 0x00, 0x00, 0x00, 0x09,
 205            0x98, 0x00, 0x00, 0x04, 0x00, 0x00, 0x00, 0x18, 0x98, 0x00, 0x10, 0x04, 0x00, 0x00, 0x00, 0x18,
 206            0x98, 0x00, 0x20, 0x04, 0x00, 0x00, 0x00, 0x18, 0x98, 0x00, 0x30, 0x04, 0x00, 0x00, 0x00, 0x18,
 207            0x98, 0x00, 0x40, 0x04, 0x00, 0x00, 0x00, 0x18, 0x98, 0x00, 0x50, 0x04, 0x00, 0x00, 0x00, 0x18,
 208            0x80, 0x00, 0x00, 0xF8, 0x00, 0x00, 0x00, 0x00, 0x80, 0x00, 0x00, 0xF8, 0x00, 0x00, 0x00, 0x01,
 209            0x80, 0x00, 0x00, 0xF8, 0x00, 0x00, 0x00, 0x02, 0x80, 0x00, 0x00, 0xF8, 0x00, 0x00, 0x00, 0x03,
 210            0x80, 0x00, 0x00, 0xF8, 0x00, 0x00, 0x00, 0x04, 0x80, 0x00, 0x00, 0xF8, 0x00, 0x00, 0x00, 0x05,
 211            0x80, 0x00, 0x00, 0xF8, 0x00, 0x00, 0x00, 0x06, 0x80, 0x00, 0x00, 0xF8, 0x00, 0x00, 0x00, 0x07,
 212            0x80, 0x00, 0x00, 0xF8, 0x00, 0x00, 0x00, 0x08, 0x80, 0x00, 0x00, 0xF8, 0x00, 0x00, 0x00, 0x09,
 213            0x98, 0x00, 0x00, 0x04, 0x00, 0x00, 0x00, 0x08, 0x98, 0x00, 0x10, 0x04, 0x00, 0x00, 0x00, 0x08,
 214            0x98, 0x00, 0x20, 0x04, 0x00, 0x00, 0x00, 0x08, 0x98, 0x00, 0x30, 0x04, 0x00, 0x00, 0x00, 0x08,
 215            0x98, 0x00, 0x40, 0x04, 0x00, 0x00, 0x00, 0x08, 0x98, 0x00, 0x50, 0x04, 0x00, 0x00, 0x00, 0x08,
 216            0x80, 0x00, 0x00, 0xF8, 0x00, 0x00, 0x00, 0x00, 0x80, 0x00, 0x00, 0xF8, 0x00, 0x00, 0x00, 0x01,
 217            0x80, 0x00, 0x00, 0xF8, 0x00, 0x00, 0x00, 0x02, 0x80, 0x00, 0x00, 0xF8, 0x00, 0x00, 0x00, 0x03,
 218            0x80, 0x00, 0x00, 0xF8, 0x00, 0x00, 0x00, 0x04, 0x80, 0x00, 0x00, 0xF8, 0x00, 0x00, 0x00, 0x05,
 219            0x80, 0x00, 0x00, 0xF8, 0x00, 0x00, 0x00, 0x06, 0x80, 0x00, 0x00, 0xF8, 0x00, 0x00, 0x00, 0x07,
 220            0x80, 0x00, 0x00, 0xF8, 0x00, 0x00, 0x00, 0x08, 0x80, 0x00, 0x00, 0xF8, 0x00, 0x00, 0x00, 0x09,
 221            0x98, 0x00, 0x00, 0x04, 0x00, 0x00, 0x00, 0x28, 0x98, 0x00, 0x10, 0x04, 0x00, 0x00, 0x00, 0x28,
 222            0x98, 0x00, 0x20, 0x04, 0x00, 0x00, 0x00, 0x28, 0x98, 0x00, 0x30, 0x04, 0x00, 0x00, 0x00, 0x28,
 223            0x98, 0x00, 0x40, 0x04, 0x00, 0x00, 0x00, 0x28, 0x98, 0x00, 0x50, 0x04, 0x00, 0x00, 0x00, 0x28,
 224            0x80, 0x00, 0x00, 0xF8, 0x00, 0x00, 0x00, 0x00, 0x80, 0x00, 0x00, 0xF8, 0x00, 0x00, 0x00, 0x01,
 225            0x80, 0x00, 0x00, 0xF8, 0x00, 0x00, 0x00, 0x02, 0x80, 0x00, 0x00, 0xF8, 0x00, 0x00, 0x00, 0x03,
 226            0x80, 0x00, 0x00, 0xF8, 0x00, 0x00, 0x00, 0x04, 0x80, 0x00, 0x00, 0xF8, 0x00, 0x00, 0x00, 0x05,
 227            0x80, 0x00, 0x00, 0xF8, 0x00, 0x00, 0x00, 0x06, 0x80, 0x00, 0x00, 0xF8, 0x00, 0x00, 0x00, 0x07,
 228            0x80, 0x00, 0x00, 0xF8, 0x00, 0x00, 0x00, 0x08, 0x80, 0x00, 0x00, 0xF8, 0x00, 0x00, 0x00, 0x09,
 229            0x90, 0x00, 0x00, 0x00, 0x00, 0x00, 0xD0, 0x01, 0x90, 0x00, 0x04, 0x00, 0x00, 0x00, 0xD0, 0x01,
 230            0x90, 0x00, 0x08, 0x00, 0x00, 0x00, 0xD0, 0x01, 0x90, 0x00, 0x0C, 0x00, 0x00, 0x00, 0xD0, 0x01,
 231            0x90, 0x00, 0x10, 0x00, 0x00, 0x00, 0xD0, 0x01, 0x90, 0x00, 0x14, 0x00, 0x00, 0x00, 0xD0, 0x01,
 232            0x90, 0x00, 0x18, 0x00, 0x00, 0x00, 0xD0, 0x01, 0x90, 0x00, 0x1C, 0x00, 0x00, 0x00, 0xD0, 0x01,
 233            0x90, 0x00, 0x20, 0x00, 0x00, 0x00, 0xD0, 0x01, 0x90, 0x00, 0x24, 0x00, 0x00, 0x00, 0xD0, 0x01,
 234            0x90, 0x00, 0x28, 0x00, 0x00, 0x00, 0xD0, 0x01, 0x90, 0x00, 0x2C, 0x00, 0x00, 0x00, 0xD0, 0x01,
 235            0x90, 0x00, 0x30, 0x00, 0x00, 0x00, 0xD0, 0x01, 0x90, 0x00, 0x34, 0x00, 0x00, 0x00, 0xD0, 0x01,
 236            0x90, 0x00, 0x38, 0x00, 0x00, 0x00, 0xD0, 0x01, 0x90, 0x00, 0x3C, 0x00, 0x00, 0x00, 0xD0, 0x01,
 237            0x90, 0x00, 0x40, 0x00, 0x00, 0x00, 0xD0, 0x01, 0x90, 0x00, 0x44, 0x00, 0x00, 0x00, 0xD0, 0x01,
 238            0x90, 0x00, 0x48, 0x00, 0x00, 0x00, 0xD0, 0x01, 0x90, 0x00, 0x4C, 0x00, 0x00, 0x00, 0xD0, 0x01,
 239            0x90, 0x00, 0x50, 0x00, 0x00, 0x00, 0xD0, 0x01, 0x90, 0x00, 0x54, 0x00, 0x00, 0x00, 0xD0, 0x01,
 240            0x90, 0x00, 0x58, 0x00, 0x00, 0x00, 0xD0, 0x01, 0x90, 0x00, 0x5C, 0x00, 0x00, 0x00, 0xD0, 0x01,
C51 COMPILER V9.56.0.0   TABLE                                                             11/12/2020 12:58:01 PAGE 5   

 241            0x90, 0x00, 0x00, 0x04, 0x00, 0x00, 0x00, 0x11, 0x90, 0x00, 0x04, 0x04, 0x00, 0x00, 0x00, 0x91,
 242            0x90, 0x00, 0x08, 0x04, 0x00, 0x00, 0x01, 0x11, 0x90, 0x00, 0x0C, 0x04, 0x00, 0x00, 0x01, 0x91,
 243            0x90, 0x00, 0x10, 0x04, 0x00, 0x00, 0x02, 0x11, 0x90, 0x00, 0x14, 0x04, 0x00, 0x00, 0x02, 0x91,
 244            0x90, 0x00, 0x18, 0x04, 0x00, 0x00, 0x03, 0x11, 0x90, 0x00, 0x1C, 0x04, 0x00, 0x00, 0x03, 0x91,
 245            0x90, 0x00, 0x20, 0x04, 0x00, 0x00, 0x04, 0x11, 0x90, 0x00, 0x24, 0x04, 0x00, 0x00, 0x04, 0x91,
 246            0x90, 0x00, 0x28, 0x04, 0x00, 0x00, 0x05, 0x11, 0x90, 0x00, 0x2C, 0x04, 0x00, 0x00, 0x05, 0x91,
 247            0x90, 0x00, 0x30, 0x04, 0x00, 0x00, 0x06, 0x11, 0x90, 0x00, 0x34, 0x04, 0x00, 0x00, 0x06, 0x91,
 248            0x90, 0x00, 0x38, 0x04, 0x00, 0x00, 0x07, 0x11, 0x90, 0x00, 0x3C, 0x04, 0x00, 0x00, 0x07, 0x91,
 249            0x90, 0x00, 0x40, 0x04, 0x00, 0x00, 0x08, 0x11, 0x90, 0x00, 0x44, 0x04, 0x00, 0x00, 0x08, 0x91,
 250            0x90, 0x00, 0x48, 0x04, 0x00, 0x00, 0x09, 0x11, 0x90, 0x00, 0x4C, 0x04, 0x00, 0x00, 0x09, 0x91,
 251            0x90, 0x00, 0x50, 0x04, 0x00, 0x00, 0x0A, 0x11, 0x90, 0x00, 0x54, 0x04, 0x00, 0x00, 0x0A, 0x91,
 252            0x90, 0x00, 0x58, 0x04, 0x00, 0x00, 0x0B, 0x11, 0x90, 0x00, 0x5C, 0x04, 0x00, 0x00, 0x0B, 0x91,
 253            0x90, 0x00, 0x00, 0x0C, 0x00, 0x00, 0xBA, 0xE4, 0x90, 0x00, 0x04, 0x0C, 0x00, 0x00, 0xBA, 0xE4,
 254            0x90, 0x00, 0x08, 0x0C, 0x00, 0x00, 0xBA, 0xE4, 0x90, 0x00, 0x0C, 0x0C, 0x00, 0x00, 0xBA, 0xE4,
 255            0x90, 0x00, 0x10, 0x0C, 0x00, 0x00, 0xBA, 0xE4, 0x90, 0x00, 0x14, 0x0C, 0x00, 0x00, 0xBA, 0xE4,
 256            0x90, 0x00, 0x18, 0x0C, 0x00, 0x00, 0xBA, 0xE4, 0x90, 0x00, 0x1C, 0x0C, 0x00, 0x00, 0xBA, 0xE4,
 257            0x90, 0x00, 0x20, 0x0C, 0x00, 0x00, 0xBA, 0xE4, 0x90, 0x00, 0x24, 0x0C, 0x00, 0x00, 0xBA, 0xE4,
 258            0x90, 0x00, 0x28, 0x0C, 0x00, 0x00, 0xBA, 0xE4, 0x90, 0x00, 0x2C, 0x0C, 0x00, 0x00, 0xBA, 0xE4,
 259            0x90, 0x00, 0x30, 0x0C, 0x00, 0x00, 0xBA, 0xE4, 0x90, 0x00, 0x34, 0x0C, 0x00, 0x00, 0xBA, 0xE4,
 260            0x90, 0x00, 0x38, 0x0C, 0x00, 0x00, 0xBA, 0xE4, 0x90, 0x00, 0x3C, 0x0C, 0x00, 0x00, 0xBA, 0xE4,
 261            0x90, 0x00, 0x40, 0x0C, 0x00, 0x00, 0xBA, 0xE4, 0x90, 0x00, 0x44, 0x0C, 0x00, 0x00, 0xBA, 0xE4,
 262            0x90, 0x00, 0x48, 0x0C, 0x00, 0x00, 0xBA, 0xE4, 0x90, 0x00, 0x4C, 0x0C, 0x00, 0x00, 0xBA, 0xE4,
 263            0x90, 0x00, 0x50, 0x0C, 0x00, 0x00, 0xBA, 0xE4, 0x90, 0x00, 0x54, 0x0C, 0x00, 0x00, 0xBA, 0xE4,
 264            0x90, 0x00, 0x58, 0x0C, 0x00, 0x00, 0xBA, 0xE4, 0x90, 0x00, 0x5C, 0x0C, 0x00, 0x00, 0xBA, 0xE4,
 265            0x90, 0x00, 0x00, 0x08, 0x00, 0x00, 0xC0, 0x09, 0x90, 0x00, 0x04, 0x08, 0x00, 0x00, 0xC0, 0x09,
 266            0x90, 0x00, 0x08, 0x08, 0x00, 0x00, 0xC0, 0x09, 0x90, 0x00, 0x0C, 0x08, 0x00, 0x00, 0xC0, 0x09,
 267            0x90, 0x00, 0x10, 0x08, 0x00, 0x00, 0xC0, 0x09, 0x90, 0x00, 0x14, 0x08, 0x00, 0x00, 0xC0, 0x09,
 268            0x90, 0x00, 0x18, 0x08, 0x00, 0x00, 0xC0, 0x09, 0x90, 0x00, 0x1C, 0x08, 0x00, 0x00, 0xC0, 0x09,
 269            0x90, 0x00, 0x20, 0x08, 0x00, 0x00, 0xC0, 0x09, 0x90, 0x00, 0x24, 0x08, 0x00, 0x00, 0xC0, 0x09,
 270            0x90, 0x00, 0x28, 0x08, 0x00, 0x00, 0xC0, 0x09, 0x90, 0x00, 0x2C, 0x08, 0x00, 0x00, 0xC0, 0x09,
 271            0x90, 0x00, 0x30, 0x08, 0x00, 0x00, 0xC0, 0x09, 0x90, 0x00, 0x34, 0x08, 0x00, 0x00, 0xC0, 0x09,
 272            0x90, 0x00, 0x38, 0x08, 0x00, 0x00, 0xC0, 0x09, 0x90, 0x00, 0x3C, 0x08, 0x00, 0x00, 0xC0, 0x09,
 273            0x90, 0x00, 0x40, 0x08, 0x00, 0x00, 0xC0, 0x09, 0x90, 0x00, 0x44, 0x08, 0x00, 0x00, 0xC0, 0x09,
 274            0x90, 0x00, 0x48, 0x08, 0x00, 0x00, 0xC0, 0x09, 0x90, 0x00, 0x4C, 0x08, 0x00, 0x00, 0xC0, 0x09,
 275            0x90, 0x00, 0x50, 0x08, 0x00, 0x00, 0xC0, 0x09, 0x90, 0x00, 0x54, 0x08, 0x00, 0x00, 0xC0, 0x09,
 276            0x90, 0x00, 0x58, 0x08, 0x00, 0x00, 0xC0, 0x09, 0x90, 0x00, 0x5C, 0x08, 0x00, 0x00, 0xC0, 0x09,
 277            0x90, 0x00, 0x00, 0xC4, 0x00, 0x00, 0x01, 0x00, 0x90, 0x00, 0x04, 0xC4, 0x00, 0x00, 0x01, 0x00,
 278            0x90, 0x00, 0x08, 0xC4, 0x00, 0x00, 0x01, 0x00, 0x90, 0x00, 0x0C, 0xC4, 0x00, 0x00, 0x01, 0x00,
 279            0x90, 0x00, 0x10, 0xC4, 0x00, 0x00, 0x01, 0x00, 0x90, 0x00, 0x14, 0xC4, 0x00, 0x00, 0x01, 0x00,
 280            0x90, 0x00, 0x18, 0xC4, 0x00, 0x00, 0x01, 0x00, 0x90, 0x00, 0x1C, 0xC4, 0x00, 0x00, 0x01, 0x00,
 281            0x90, 0x00, 0x20, 0xC4, 0x00, 0x00, 0x01, 0x00, 0x90, 0x00, 0x24, 0xC4, 0x00, 0x00, 0x01, 0x00,
 282            0x90, 0x00, 0x28, 0xC4, 0x00, 0x00, 0x01, 0x00, 0x90, 0x00, 0x2C, 0xC4, 0x00, 0x00, 0x01, 0x00,
 283            0x90, 0x00, 0x30, 0xC4, 0x00, 0x00, 0x01, 0x00, 0x90, 0x00, 0x34, 0xC4, 0x00, 0x00, 0x01, 0x00,
 284            0x90, 0x00, 0x38, 0xC4, 0x00, 0x00, 0x01, 0x00, 0x90, 0x00, 0x3C, 0xC4, 0x00, 0x00, 0x01, 0x00,
 285            0x90, 0x00, 0x40, 0xC4, 0x00, 0x00, 0x01, 0x00, 0x90, 0x00, 0x44, 0xC4, 0x00, 0x00, 0x01, 0x00,
 286            0x90, 0x00, 0x48, 0xC4, 0x00, 0x00, 0x01, 0x00, 0x90, 0x00, 0x4C, 0xC4, 0x00, 0x00, 0x01, 0x00,
 287            0x90, 0x00, 0x50, 0xC4, 0x00, 0x00, 0x01, 0x00, 0x90, 0x00, 0x54, 0xC4, 0x00, 0x00, 0x01, 0x00,
 288            0x90, 0x00, 0x58, 0xC4, 0x00, 0x00, 0x01, 0x00, 0x90, 0x00, 0x5C, 0xC4, 0x00, 0x00, 0x01, 0x00,
 289            0x90, 0x00, 0x00, 0x14, 0x00, 0x00, 0x08, 0xD6, 0x90, 0x00, 0x04, 0x14, 0x00, 0x00, 0x08, 0xD6,
 290            0x90, 0x00, 0x08, 0x14, 0x00, 0x00, 0x08, 0xD6, 0x90, 0x00, 0x0C, 0x14, 0x00, 0x00, 0x08, 0xD6,
 291            0x90, 0x00, 0x10, 0x14, 0x00, 0x00, 0x08, 0xD6, 0x90, 0x00, 0x14, 0x14, 0x00, 0x00, 0x08, 0xD6,
 292            0x90, 0x00, 0x18, 0x14, 0x00, 0x00, 0x08, 0xD6, 0x90, 0x00, 0x1C, 0x14, 0x00, 0x00, 0x08, 0xD6,
 293            0x90, 0x00, 0x20, 0x14, 0x00, 0x00, 0x08, 0xD6, 0x90, 0x00, 0x24, 0x14, 0x00, 0x00, 0x08, 0xD6,
 294            0x90, 0x00, 0x28, 0x14, 0x00, 0x00, 0x08, 0xD6, 0x90, 0x00, 0x2C, 0x14, 0x00, 0x00, 0x08, 0xD6,
 295            0x90, 0x00, 0x30, 0x14, 0x00, 0x00, 0x08, 0xD6, 0x90, 0x00, 0x34, 0x14, 0x00, 0x00, 0x08, 0xD6,
 296            0x90, 0x00, 0x38, 0x14, 0x00, 0x00, 0x08, 0xD6, 0x90, 0x00, 0x3C, 0x14, 0x00, 0x00, 0x08, 0xD6,
 297            0x90, 0x00, 0x40, 0x14, 0x00, 0x00, 0x08, 0xD6, 0x90, 0x00, 0x44, 0x14, 0x00, 0x00, 0x08, 0xD6,
 298            0x90, 0x00, 0x48, 0x14, 0x00, 0x00, 0x08, 0xD6, 0x90, 0x00, 0x4C, 0x14, 0x00, 0x00, 0x08, 0xD6,
 299            0x90, 0x00, 0x50, 0x14, 0x00, 0x00, 0x08, 0xD6, 0x90, 0x00, 0x54, 0x14, 0x00, 0x00, 0x08, 0xD6,
 300            0x90, 0x00, 0x58, 0x14, 0x00, 0x00, 0x08, 0xD6, 0x90, 0x00, 0x5C, 0x14, 0x00, 0x00, 0x08, 0xD6,
 301            0x82, 0x00, 0x00, 0x00, 0x48, 0x00, 0x00, 0x00, 0x82, 0x00, 0x10, 0x00, 0x48, 0x00, 0x00, 0x00,
 302            0x82, 0x00, 0x20, 0x00, 0x48, 0x00, 0x00, 0x00, 0x82, 0x00, 0x30, 0x00, 0x48, 0x00, 0x00, 0x00,
C51 COMPILER V9.56.0.0   TABLE                                                             11/12/2020 12:58:01 PAGE 6   

 303            0x82, 0x00, 0x40, 0x00, 0x48, 0x00, 0x00, 0x00, 0x82, 0x00, 0x50, 0x00, 0x48, 0x00, 0x00, 0x00,
 304            0x82, 0x00, 0x60, 0x00, 0x48, 0x00, 0x00, 0x00, 0x82, 0x00, 0x70, 0x00, 0x48, 0x00, 0x00, 0x00,
 305            0x82, 0x00, 0x80, 0x00, 0x48, 0x00, 0x00, 0x00, 0x82, 0x00, 0x90, 0x00, 0x48, 0x00, 0x00, 0x00,
 306            0x82, 0x00, 0xA0, 0x00, 0x48, 0x00, 0x00, 0x00, 0x82, 0x00, 0xB0, 0x00, 0x48, 0x00, 0x00, 0x00,
 307            0x82, 0x00, 0xC0, 0x00, 0x48, 0x00, 0x00, 0x00, 0x82, 0x00, 0xD0, 0x00, 0x48, 0x00, 0x00, 0x00,
 308            0x82, 0x00, 0xE0, 0x00, 0x48, 0x00, 0x00, 0x00, 0x82, 0x00, 0xF0, 0x00, 0x48, 0x00, 0x00, 0x00,
 309            0x82, 0x01, 0x00, 0x00, 0x48, 0x00, 0x00, 0x00, 0x82, 0x01, 0x10, 0x00, 0x48, 0x00, 0x00, 0x00,
 310            0x82, 0x01, 0x20, 0x00, 0x48, 0x00, 0x00, 0x00, 0x82, 0x01, 0x30, 0x00, 0x48, 0x00, 0x00, 0x00,
 311            0x82, 0x01, 0x40, 0x00, 0x48, 0x00, 0x00, 0x00, 0x82, 0x01, 0x50, 0x00, 0x48, 0x00, 0x00, 0x00,
 312            0x82, 0x01, 0x60, 0x00, 0x48, 0x00, 0x00, 0x00, 0x82, 0x01, 0x70, 0x00, 0x48, 0x00, 0x00, 0x00,
 313            0x82, 0x04, 0x00, 0x04, 0x00, 0x00, 0xFD, 0x90, 0x82, 0x04, 0x02, 0x00, 0x00, 0x00, 0x00, 0x00,
 314            0x82, 0x04, 0x02, 0x04, 0x00, 0x00, 0x00, 0x00, 0x82, 0x04, 0x02, 0x08, 0x00, 0x00, 0x00, 0x00,
 315            0x82, 0x04, 0x02, 0x0C, 0x00, 0x00, 0x00, 0x00, 0x82, 0x04, 0x02, 0x10, 0x00, 0x00, 0x00, 0x00,
 316            0x82, 0x04, 0x02, 0x14, 0x00, 0x00, 0x00, 0x00, 0x82, 0x04, 0x02, 0x18, 0x00, 0x00, 0x00, 0x00,
 317            0x82, 0x04, 0x02, 0x1C, 0x00, 0x00, 0x00, 0x00, 0x82, 0x04, 0x02, 0x20, 0x00, 0x00, 0x04, 0x04,
 318            0x82, 0x04, 0x02, 0x24, 0x00, 0x00, 0x04, 0x04, 0x82, 0x04, 0x02, 0x28, 0x00, 0x00, 0x04, 0x04,
 319            0x82, 0x04, 0x02, 0x2C, 0x00, 0x00, 0x04, 0x04, 0x82, 0x04, 0x02, 0x30, 0x00, 0x00, 0x08, 0x08,
 320            0x82, 0x04, 0x02, 0x34, 0x00, 0x00, 0x08, 0x08, 0x82, 0x04, 0x02, 0x38, 0x00, 0x00, 0x08, 0x08,
 321            0x82, 0x04, 0x02, 0x3C, 0x00, 0x00, 0x08, 0x08, 0x82, 0x04, 0x02, 0x40, 0x00, 0x00, 0x08, 0x08,
 322            0x82, 0x04, 0x02, 0x44, 0x00, 0x00, 0x08, 0x08, 0x82, 0x04, 0x02, 0x48, 0x00, 0x00, 0x08, 0x08,
 323            0x82, 0x04, 0x02, 0x4C, 0x00, 0x00, 0x08, 0x08, 0x82, 0x04, 0x02, 0x50, 0x00, 0x00, 0x0C, 0x0C,
 324            0x82, 0x04, 0x02, 0x54, 0x00, 0x00, 0x0C, 0x0C, 0x82, 0x04, 0x02, 0x58, 0x00, 0x00, 0x0C, 0x0C,
 325            0x82, 0x04, 0x02, 0x5C, 0x00, 0x00, 0x0C, 0x0C, 0x82, 0x04, 0x02, 0x60, 0x00, 0x00, 0x08, 0x08,
 326            0x82, 0x04, 0x02, 0x64, 0x00, 0x00, 0x08, 0x08, 0x82, 0x04, 0x02, 0x68, 0x00, 0x00, 0x08, 0x08,
 327            0x82, 0x04, 0x02, 0x6C, 0x00, 0x00, 0x08, 0x08, 0x82, 0x04, 0x02, 0x70, 0x00, 0x00, 0x08, 0x08,
 328            0x82, 0x04, 0x02, 0x74, 0x00, 0x00, 0x08, 0x08, 0x82, 0x04, 0x02, 0x78, 0x00, 0x00, 0x08, 0x08,
 329            0x82, 0x04, 0x02, 0x7C, 0x00, 0x00, 0x08, 0x08, 0x81, 0x80, 0x05, 0x00, 0x08, 0x04, 0x02, 0x01,
 330            0x83, 0x00, 0x00, 0x00, 0x7F, 0xCF, 0xF3, 0xFC, 0x83, 0x00, 0x00, 0x20, 0x03, 0x60, 0x74, 0x0E,
 331            0x81, 0x80, 0x00, 0x04, 0x03, 0x92, 0x27, 0xF3, 0x81, 0x80, 0x0C, 0x80, 0x00, 0x00, 0x26, 0x08,
 332            0x81, 0x80, 0x0C, 0x00, 0x00, 0x00, 0x26, 0x09, 0x81, 0x80, 0x0C, 0x10, 0x00, 0x00, 0x26, 0x09,
 333            0x81, 0x80, 0x0C, 0x20, 0x00, 0x00, 0x26, 0x09, 0x81, 0x80, 0x0C, 0x30, 0x00, 0x00, 0x26, 0x09,
 334            0x80, 0x00, 0x00, 0xA0, 0x26, 0x03, 0x02, 0x3E, 0x80, 0x00, 0x00, 0xA4, 0x00, 0x01, 0x00, 0x19,
 335            0x87, 0x80, 0x00, 0x04, 0x02, 0x00, 0x00, 0x00, 0x84, 0x00, 0x40, 0x54, 0x02, 0xC0, 0xC0, 0x04,
 336            0x84, 0x00, 0x40, 0x54, 0x00, 0x00, 0x91, 0x40, 0x84, 0x00, 0x40, 0x54, 0x02, 0xC0, 0x00, 0x00,
 337            0x85, 0x00, 0x40, 0x54, 0x02, 0xC0, 0xC0, 0x04, 0x85, 0x00, 0x40, 0x54, 0x00, 0x00, 0x91, 0x40,
 338            0x85, 0x00, 0x40, 0x54, 0x02, 0xC0, 0x00, 0x00, 0x8A, 0x00, 0x20, 0x00, 0x55, 0x00, 0x00, 0x03,
 339            0x82, 0x04, 0x00, 0x00, 0x08, 0x00, 0x00, 0x11, 0x86, 0x00, 0x00, 0x00, 0x00, 0x00, 0x60, 0xA1,
 340            
 341            0x80, 0x00, 0x00, 0xF8, 0x03, 0x22, 0x20, 0x18, 0x80, 0x00, 0x00, 0x00, 0x00, 0x00, 0x60, 0x09,
 342            0xFF, 0xFF,
 343            
 344            0x82, 0x00, 0x00, 0x04, 0x00, 0x01, 0x00, 0x02, 0x82, 0x00, 0x20, 0x04, 0x00, 0x01, 0x00, 0x04,
 345            0x82, 0x00, 0x40, 0x04, 0x00, 0x07, 0x00, 0x06, 0x82, 0x00, 0x60, 0x04, 0x00, 0x09, 0x00, 0x08,
 346            0x82, 0x00, 0x80, 0x04, 0x00, 0x0B, 0x00, 0x0A, 0x82, 0x00, 0xA0, 0x04, 0x00, 0x0D, 0x00, 0x0C,
 347            0x82, 0x00, 0xC0, 0x04, 0x00, 0x0F, 0x00, 0x0E, 0x82, 0x00, 0xE0, 0x04, 0x00, 0x05, 0x00, 0x03,
 348            0x8A, 0x00, 0x00, 0x04, 0x00, 0x02, 0x07, 0x02, 0x8A, 0x00, 0x00, 0x08, 0x00, 0x02, 0x0B, 0x04,
 349            0x8A, 0x00, 0x00, 0x0C, 0x00, 0x02, 0x0F, 0x06, 0x8A, 0x00, 0x00, 0x10, 0x00, 0x02, 0x13, 0x08,
 350            0x8A, 0x00, 0x00, 0x14, 0x00, 0x02, 0x17, 0x0A, 0x8A, 0x00, 0x00, 0x18, 0x00, 0x02, 0x1B, 0x0C,
 351            0x8A, 0x00, 0x00, 0x1C, 0x00, 0x02, 0x1F, 0x0E, 0x8A, 0x00, 0x20, 0x20, 0x45, 0x00, 0x00, 0x13,
 352            0x8A, 0x00, 0x20, 0x24, 0x00, 0x00, 0x00, 0x00, 0x8A, 0x00, 0x20, 0x28, 0x00, 0x00, 0x00, 0x00,
 353            0x8A, 0x00, 0x20, 0x30, 0x44, 0x00, 0x00, 0x13, 0x8A, 0x00, 0x20, 0x34, 0x00, 0x10, 0x00, 0x00,
 354            0x8A, 0x00, 0x20, 0x38, 0x00, 0x00, 0x00, 0x00, 0x8A, 0x00, 0x20, 0x40, 0x54, 0x00, 0x00, 0x13,
 355            0x8A, 0x00, 0x20, 0x44, 0x00, 0x00, 0x00, 0x00, 0x8A, 0x00, 0x20, 0x48, 0x00, 0x00, 0x00, 0x00,
 356            0x8A, 0x00, 0x20, 0x50, 0x44, 0x00, 0x00, 0x13, 0x8A, 0x00, 0x20, 0x54, 0x00, 0x40, 0x00, 0x00,
 357            0x8A, 0x00, 0x20, 0x58, 0x00, 0x00, 0x00, 0x00, 0x8A, 0x00, 0x20, 0x60, 0x44, 0x00, 0x00, 0x13,
 358            0x8A, 0x00, 0x20, 0x64, 0x00, 0x00, 0x00, 0x01, 0x8A, 0x00, 0x20, 0x68, 0x00, 0x00, 0x00, 0x00,
 359            0x8A, 0x00, 0x20, 0x70, 0x44, 0x00, 0x00, 0x13, 0x8A, 0x00, 0x20, 0x74, 0x00, 0x00, 0x00, 0x04,
 360            0x8A, 0x00, 0x20, 0x78, 0x00, 0x00, 0x00, 0x00, 0x8A, 0x00, 0x20, 0x80, 0x44, 0x00, 0x00, 0x13,
 361            0x8A, 0x00, 0x20, 0x84, 0x00, 0x00, 0x00, 0x10, 0x8A, 0x00, 0x20, 0x88, 0x00, 0x00, 0x00, 0x00,
 362            0x8A, 0x00, 0x20, 0x90, 0x44, 0x00, 0x00, 0x13, 0x8A, 0x00, 0x20, 0x94, 0x00, 0x00, 0x00, 0x40,
 363            0x8A, 0x00, 0x20, 0x98, 0x00, 0x00, 0x00, 0x00, 0x8A, 0x00, 0x20, 0xA0, 0x44, 0x00, 0x00, 0x13,
 364            0x8A, 0x00, 0x20, 0xA4, 0x00, 0x00, 0x01, 0x00, 0x8A, 0x00, 0x20, 0xA8, 0x00, 0x00, 0x00, 0x00,
C51 COMPILER V9.56.0.0   TABLE                                                             11/12/2020 12:58:01 PAGE 7   

 365            0x8A, 0x00, 0x20, 0xB0, 0x44, 0x00, 0x00, 0x13, 0x8A, 0x00, 0x20, 0xB4, 0x00, 0x00, 0x04, 0x00,
 366            0x8A, 0x00, 0x20, 0xB8, 0x00, 0x00, 0x00, 0x00, 0x8A, 0x00, 0x20, 0xC0, 0x44, 0x00, 0x00, 0x13,
 367            0x8A, 0x00, 0x20, 0xC4, 0x00, 0x00, 0x10, 0x00, 0x8A, 0x00, 0x20, 0xC8, 0x00, 0x00, 0x00, 0x00,
 368            0x8A, 0x00, 0x20, 0xD0, 0x44, 0x00, 0x00, 0x13, 0x8A, 0x00, 0x20, 0xD4, 0x00, 0x00, 0x40, 0x00,
 369            0x8A, 0x00, 0x20, 0xD8, 0x00, 0x00, 0x00, 0x00, 0x8A, 0x00, 0x20, 0xE0, 0x44, 0x00, 0x00, 0x13,
 370            0x8A, 0x00, 0x20, 0xE4, 0x00, 0x01, 0x00, 0x00, 0x8A, 0x00, 0x20, 0xE8, 0x00, 0x00, 0x00, 0x00,
 371            0x8A, 0x00, 0x20, 0xF0, 0x44, 0x00, 0x00, 0x13, 0x8A, 0x00, 0x20, 0xF4, 0x00, 0x04, 0x00, 0x00,
 372            0x8A, 0x00, 0x20, 0xF8, 0x00, 0x00, 0x00, 0x00, 0x80, 0x00, 0x00, 0xF8, 0x03, 0x22, 0x20, 0x18,
 373            0x80, 0x00, 0x00, 0x00, 0x00, 0x00, 0x60, 0x01, 0xFF, 0xFF,
 374          };
 375          
 376          //code u8 VLAN_TABLE[] = 
 377          //{
 378          //  0x80, 0x00, 0x00, 0x00, 0x00, 0x00, 0x60, 0x0A, 0x84, 0x00, 0x42, 0x00, 0x00, 0x0B, 0x00, 0x00,
 379          //  0x85, 0x00, 0x42, 0x00, 0x00, 0x03, 0x00, 0x00, 0x84, 0x00, 0x40, 0x30, 0x0A, 0x41, 0x88, 0x20,
 380          //  0x84, 0x80, 0x40, 0x30, 0x16, 0xA4, 0xA0, 0xE6, 0x85, 0x00, 0x40, 0x30, 0x23, 0x07, 0xB9, 0xAC,
 381          //  0x85, 0x80, 0x40, 0x30, 0x2F, 0x6A, 0xD2, 0x72, 0x80, 0x00, 0x00, 0xD4, 0x08, 0x04, 0xCC, 0xCC,
 382          //  0x84, 0x00, 0x40, 0x34, 0x00, 0x00, 0x07, 0x40, 0x85, 0x00, 0x40, 0x34, 0x00, 0x00, 0x07, 0x40,
 383          //  0x84, 0x00, 0x40, 0x54, 0x02, 0xC0, 0xC0, 0x00, 0x84, 0x00, 0x40, 0x54, 0x02, 0xC1, 0xC0, 0x00,
 384          //  0x84, 0x00, 0x40, 0x54, 0x02, 0xC2, 0xC0, 0x00, 0x84, 0x00, 0x40, 0x54, 0x02, 0xC3, 0xC0, 0x00,
 385          //  0x84, 0x00, 0x40, 0x54, 0x02, 0xC4, 0xC0, 0x00, 0x84, 0x00, 0x40, 0x54, 0x02, 0xC5, 0xC0, 0x00,
 386          //  0x84, 0x00, 0x40, 0x54, 0x02, 0xC6, 0xC0, 0x00, 0x84, 0x00, 0x40, 0x54, 0x02, 0xC7, 0xC0, 0x00,
 387          //  0x84, 0x00, 0x40, 0x54, 0x02, 0xC8, 0xC0, 0x00, 0x84, 0x00, 0x40, 0x54, 0x02, 0xC9, 0xC0, 0x00,
 388          //  0x84, 0x00, 0x40, 0x54, 0x02, 0xCA, 0xC0, 0x00, 0x84, 0x00, 0x40, 0x54, 0x02, 0xCB, 0xC0, 0x00,
 389          //  0x84, 0x00, 0x40, 0x54, 0x02, 0xCC, 0xC0, 0x00, 0x84, 0x00, 0x40, 0x54, 0x02, 0xCD, 0xC0, 0x00,
 390          //  0x84, 0x00, 0x40, 0x54, 0x02, 0xCE, 0xC0, 0x00, 0x84, 0x00, 0x40, 0x54, 0x02, 0xCF, 0xC0, 0x00,
 391          //  0x84, 0x00, 0x40, 0x54, 0x02, 0xC0, 0xC0, 0xFD, 0x84, 0x00, 0x40, 0x54, 0x01, 0x00, 0x0B, 0x53,
 392          //  0x84, 0x00, 0x40, 0x54, 0x00, 0xE0, 0x20, 0x0D, 0x84, 0x00, 0x40, 0x54, 0x02, 0xC0, 0xC0, 0xFF,
 393          //  0x84, 0x00, 0x40, 0x54, 0x02, 0x20, 0xB0, 0x30, 0x84, 0x00, 0x40, 0x54, 0x02, 0x00, 0x21, 0x5C,
 394          //  0x84, 0x00, 0x40, 0x54, 0x02, 0xC0, 0xC0, 0xFC, 0x84, 0x00, 0x40, 0x54, 0x03, 0x00, 0x88, 0x8C,
 395          //  0x84, 0x00, 0x40, 0x54, 0x03, 0x10, 0x88, 0x8C, 0x84, 0x00, 0x40, 0x54, 0x02, 0xC0, 0xC0, 0x00,
 396          //  0x84, 0x00, 0x40, 0x54, 0x00, 0x00, 0x91, 0x40, 0x84, 0x00, 0x40, 0x54, 0x02, 0xC0, 0xC0, 0x04,
 397          //  0x84, 0x00, 0x40, 0x54, 0x02, 0x00, 0x62, 0x64, 0x84, 0x00, 0x40, 0x54, 0x00, 0x00, 0x91, 0x40,
 398          //  0x84, 0x00, 0x40, 0x54, 0x02, 0xC4, 0xC0, 0x12, 0x84, 0x00, 0x40, 0x54, 0x00, 0x04, 0x06, 0x00,
 399          //  0x84, 0x00, 0x40, 0x54, 0x02, 0xC0, 0xC0, 0x00, 0x84, 0x00, 0x40, 0x54, 0x01, 0xA0, 0x00, 0x07,
 400          //  0x84, 0x00, 0x40, 0x54, 0x01, 0xC0, 0x00, 0x3C, 0x84, 0x00, 0x40, 0x54, 0x01, 0xA0, 0x40, 0x07,
 401          //  0x84, 0x00, 0x40, 0x54, 0x01, 0xC0, 0x00, 0x00, 0x84, 0x00, 0x40, 0x54, 0x00, 0x00, 0x91, 0x40,
 402          //  0x84, 0x00, 0x40, 0x54, 0x02, 0xC0, 0xC0, 0x00, 0x84, 0x00, 0x40, 0x54, 0x00, 0x00, 0x13, 0x40,
 403          //  0x84, 0x00, 0x40, 0x54, 0x00, 0x80, 0x0D, 0xE1, 0x84, 0x00, 0x40, 0x54, 0x02, 0xC0, 0xC0, 0x04,
 404          //  0x84, 0x00, 0x40, 0x54, 0x03, 0x60, 0x3E, 0xA0, 0x84, 0x00, 0x40, 0x54, 0x02, 0xC0, 0xC0, 0x03,
 405          //  0x84, 0x00, 0x40, 0x54, 0x02, 0x00, 0x11, 0x17, 0x84, 0x00, 0x40, 0x54, 0x02, 0x20, 0x88, 0x00,
 406          //  0x84, 0x00, 0x40, 0x54, 0x02, 0xC0, 0xC0, 0x00, 0x84, 0x00, 0x40, 0x54, 0x02, 0x00, 0x3B, 0x60,
 407          //  0x84, 0x00, 0x40, 0x54, 0x00, 0x00, 0x91, 0x40, 0x85, 0x00, 0x40, 0x54, 0x02, 0xD0, 0xC0, 0x00,
 408          //  0x85, 0x00, 0x40, 0x54, 0x02, 0xD1, 0xC0, 0x00, 0x85, 0x00, 0x40, 0x54, 0x02, 0xD2, 0xC0, 0x00,
 409          //  0x85, 0x00, 0x40, 0x54, 0x02, 0xD3, 0xC0, 0x00, 0x85, 0x00, 0x40, 0x54, 0x02, 0xD4, 0xC0, 0x00,
 410          //  0x85, 0x00, 0x40, 0x54, 0x02, 0xD5, 0xC0, 0x00, 0x85, 0x00, 0x40, 0x54, 0x02, 0xD6, 0xC0, 0x00,
 411          //  0x85, 0x00, 0x40, 0x54, 0x02, 0xD7, 0xC0, 0x00, 0x85, 0x00, 0x40, 0x54, 0x02, 0xD8, 0xC0, 0x00,
 412          //  0x85, 0x00, 0x40, 0x54, 0x02, 0xD9, 0xC0, 0x00, 0x85, 0x00, 0x40, 0x54, 0x02, 0xDA, 0xC0, 0x00,
 413          //  0x85, 0x00, 0x40, 0x54, 0x02, 0xDB, 0xC0, 0x00, 0x85, 0x00, 0x40, 0x54, 0x02, 0xDC, 0xC0, 0x00,
 414          //  0x85, 0x00, 0x40, 0x54, 0x02, 0xDD, 0xC0, 0x00, 0x85, 0x00, 0x40, 0x54, 0x02, 0xDE, 0xC0, 0x00,
 415          //  0x85, 0x00, 0x40, 0x54, 0x02, 0xDF, 0xC0, 0x00, 0x85, 0x00, 0x40, 0x54, 0x02, 0xC0, 0xC0, 0xFD,
 416          //  0x85, 0x00, 0x40, 0x54, 0x01, 0x00, 0x0B, 0x53, 0x85, 0x00, 0x40, 0x54, 0x00, 0xE0, 0x20, 0x0D,
 417          //  0x85, 0x00, 0x40, 0x54, 0x02, 0xC0, 0xC0, 0xFF, 0x85, 0x00, 0x40, 0x54, 0x02, 0x20, 0xB0, 0x30,
 418          //  0x85, 0x00, 0x40, 0x54, 0x02, 0x00, 0x21, 0x5C, 0x85, 0x00, 0x40, 0x54, 0x02, 0xC0, 0xC0, 0xFC,
 419          //  0x85, 0x00, 0x40, 0x54, 0x03, 0x00, 0x88, 0x8C, 0x85, 0x00, 0x40, 0x54, 0x03, 0x10, 0x88, 0x8C,
 420          //  0x85, 0x00, 0x40, 0x54, 0x02, 0xC0, 0xC0, 0x00, 0x85, 0x00, 0x40, 0x54, 0x00, 0x00, 0x91, 0x40,
 421          //  0x85, 0x00, 0x40, 0x54, 0x02, 0xC0, 0xC0, 0xFD, 0x85, 0x00, 0x40, 0x54, 0x01, 0x00, 0x0B, 0x53,
 422          //  0x85, 0x00, 0x40, 0x54, 0x00, 0xE0, 0x20, 0x0D, 0x85, 0x00, 0x40, 0x54, 0x02, 0xC0, 0xC0, 0x04,
 423          //  0x85, 0x00, 0x40, 0x54, 0x02, 0x00, 0x62, 0x64, 0x85, 0x00, 0x40, 0x54, 0x00, 0x00, 0x91, 0x40,
 424          //  0x85, 0x00, 0x40, 0x54, 0x02, 0xC4, 0xC0, 0x12, 0x85, 0x00, 0x40, 0x54, 0x00, 0x04, 0x06, 0x00,
 425          //  0x85, 0x00, 0x40, 0x54, 0x02, 0xC0, 0xC0, 0x00, 0x85, 0x00, 0x40, 0x54, 0x01, 0xA0, 0x00, 0x07,
 426          //  0x85, 0x00, 0x40, 0x54, 0x01, 0xC0, 0x00, 0x3C, 0x85, 0x00, 0x40, 0x54, 0x01, 0xA0, 0x40, 0x07,
C51 COMPILER V9.56.0.0   TABLE                                                             11/12/2020 12:58:01 PAGE 8   

 427          //  0x85, 0x00, 0x40, 0x54, 0x01, 0xC0, 0x00, 0x00, 0x85, 0x00, 0x40, 0x54, 0x00, 0x00, 0x91, 0x40,
 428          //  0x85, 0x00, 0x40, 0x54, 0x02, 0xC0, 0xC0, 0x00, 0x85, 0x00, 0x40, 0x54, 0x00, 0x00, 0x13, 0x40,
 429          //  0x85, 0x00, 0x40, 0x54, 0x00, 0x80, 0x0D, 0xE1, 0x85, 0x00, 0x40, 0x54, 0x02, 0xC0, 0xC0, 0x04,
 430          //  0x85, 0x00, 0x40, 0x54, 0x03, 0x60, 0x3E, 0xA0, 0x85, 0x00, 0x40, 0x54, 0x02, 0xC0, 0xC0, 0x03,
 431          //  0x85, 0x00, 0x40, 0x54, 0x02, 0x00, 0x11, 0x17, 0x85, 0x00, 0x40, 0x54, 0x02, 0x20, 0x88, 0x00,
 432          //  0x85, 0x00, 0x40, 0x54, 0x02, 0xC0, 0xC0, 0x00, 0x85, 0x00, 0x40, 0x54, 0x02, 0x00, 0x3B, 0x60,
 433          //  0x85, 0x00, 0x40, 0x54, 0x00, 0x00, 0x91, 0x40, 0x98, 0x00, 0x00, 0x00, 0x00, 0x00, 0x3E, 0x80,
 434          //  0x98, 0x00, 0x10, 0x00, 0x00, 0x00, 0x3E, 0x80, 0x98, 0x00, 0x20, 0x00, 0x00, 0x00, 0x3E, 0x80,
 435          //  0x98, 0x00, 0x30, 0x00, 0x00, 0x00, 0x3E, 0x80, 0x98, 0x00, 0x40, 0x00, 0x00, 0x00, 0x3E, 0x80,
 436          //  0x98, 0x00, 0x50, 0x00, 0x00, 0x00, 0x3E, 0x80, 0x80, 0x00, 0x00, 0xF8, 0x00, 0x00, 0x00, 0x00,
 437          //  0x80, 0x00, 0x00, 0xF8, 0x00, 0x00, 0x00, 0x01, 0x80, 0x00, 0x00, 0xF8, 0x00, 0x00, 0x00, 0x02,
 438          //  0x80, 0x00, 0x00, 0xF8, 0x00, 0x00, 0x00, 0x03, 0x80, 0x00, 0x00, 0xF8, 0x00, 0x00, 0x00, 0x04,
 439          //  0x80, 0x00, 0x00, 0xF8, 0x00, 0x00, 0x00, 0x05, 0x80, 0x00, 0x00, 0xF8, 0x00, 0x00, 0x00, 0x06,
 440          //  0x80, 0x00, 0x00, 0xF8, 0x00, 0x00, 0x00, 0x07, 0x80, 0x00, 0x00, 0xF8, 0x00, 0x00, 0x00, 0x08,
 441          //  0x80, 0x00, 0x00, 0xF8, 0x00, 0x00, 0x00, 0x09, 0x98, 0x00, 0x00, 0x04, 0x00, 0x00, 0x00, 0x08,
 442          //  0x98, 0x00, 0x10, 0x04, 0x00, 0x00, 0x00, 0x08, 0x98, 0x00, 0x20, 0x04, 0x00, 0x00, 0x00, 0x08,
 443          //  0x98, 0x00, 0x30, 0x04, 0x00, 0x00, 0x00, 0x08, 0x98, 0x00, 0x40, 0x04, 0x00, 0x00, 0x00, 0x08,
 444          //  0x98, 0x00, 0x50, 0x04, 0x00, 0x00, 0x00, 0x08, 0x80, 0x00, 0x00, 0xF8, 0x00, 0x00, 0x00, 0x00,
 445          //  0x80, 0x00, 0x00, 0xF8, 0x00, 0x00, 0x00, 0x01, 0x80, 0x00, 0x00, 0xF8, 0x00, 0x00, 0x00, 0x02,
 446          //  0x80, 0x00, 0x00, 0xF8, 0x00, 0x00, 0x00, 0x03, 0x80, 0x00, 0x00, 0xF8, 0x00, 0x00, 0x00, 0x04,
 447          //  0x80, 0x00, 0x00, 0xF8, 0x00, 0x00, 0x00, 0x05, 0x80, 0x00, 0x00, 0xF8, 0x00, 0x00, 0x00, 0x06,
 448          //  0x80, 0x00, 0x00, 0xF8, 0x00, 0x00, 0x00, 0x07, 0x80, 0x00, 0x00, 0xF8, 0x00, 0x00, 0x00, 0x08,
 449          //  0x80, 0x00, 0x00, 0xF8, 0x00, 0x00, 0x00, 0x09, 0x98, 0x00, 0x02, 0x0C, 0x00, 0x00, 0x80, 0x0A,
 450          //  0x98, 0x00, 0x12, 0x0C, 0x00, 0x00, 0x80, 0x0A, 0x98, 0x00, 0x22, 0x0C, 0x00, 0x00, 0x80, 0x0A,
 451          //  0x98, 0x00, 0x32, 0x0C, 0x00, 0x00, 0x80, 0x0A, 0x98, 0x00, 0x42, 0x0C, 0x00, 0x00, 0x80, 0x0A,
 452          //  0x98, 0x00, 0x52, 0x0C, 0x00, 0x00, 0x80, 0x0A, 0x98, 0x00, 0x02, 0x10, 0x00, 0x00, 0x44, 0x14,
 453          //  0x98, 0x00, 0x12, 0x10, 0x00, 0x00, 0x44, 0x14, 0x98, 0x00, 0x22, 0x10, 0x00, 0x00, 0x44, 0x14,
 454          //  0x98, 0x00, 0x32, 0x10, 0x00, 0x00, 0x44, 0x14, 0x98, 0x00, 0x42, 0x10, 0x00, 0x00, 0x44, 0x14,
 455          //  0x98, 0x00, 0x52, 0x10, 0x00, 0x00, 0x44, 0x14, 0x98, 0x00, 0x02, 0x14, 0x00, 0x00, 0xA1, 0x50,
 456          //  0x98, 0x00, 0x12, 0x14, 0x00, 0x00, 0xA1, 0x50, 0x98, 0x00, 0x22, 0x14, 0x00, 0x00, 0xA1, 0x50,
 457          //  0x98, 0x00, 0x32, 0x14, 0x00, 0x00, 0xA1, 0x50, 0x98, 0x00, 0x42, 0x14, 0x00, 0x00, 0xA1, 0x50,
 458          //  0x98, 0x00, 0x52, 0x14, 0x00, 0x00, 0xA1, 0x50, 0x98, 0x00, 0x02, 0x18, 0x00, 0x00, 0xBA, 0xAB,
 459          //  0x98, 0x00, 0x12, 0x18, 0x00, 0x00, 0xBA, 0xAB, 0x98, 0x00, 0x22, 0x18, 0x00, 0x00, 0xBA, 0xAB,
 460          //  0x98, 0x00, 0x32, 0x18, 0x00, 0x00, 0xBA, 0xAB, 0x98, 0x00, 0x42, 0x18, 0x00, 0x00, 0xBA, 0xAB,
 461          //  0x98, 0x00, 0x52, 0x18, 0x00, 0x00, 0xBA, 0xAB, 0x98, 0x00, 0x02, 0x1C, 0x00, 0x00, 0x88, 0x2C,
 462          //  0x98, 0x00, 0x12, 0x1C, 0x00, 0x00, 0x88, 0x2C, 0x98, 0x00, 0x22, 0x1C, 0x00, 0x00, 0x88, 0x2C,
 463          //  0x98, 0x00, 0x32, 0x1C, 0x00, 0x00, 0x88, 0x2C, 0x98, 0x00, 0x42, 0x1C, 0x00, 0x00, 0x88, 0x2C,
 464          //  0x98, 0x00, 0x52, 0x1C, 0x00, 0x00, 0x88, 0x2C, 0x98, 0x00, 0x03, 0xCC, 0x00, 0x00, 0x20, 0x00,
 465          //  0x98, 0x00, 0x13, 0xCC, 0x00, 0x00, 0x20, 0x00, 0x98, 0x00, 0x23, 0xCC, 0x00, 0x00, 0x20, 0x00,
 466          //  0x98, 0x00, 0x33, 0xCC, 0x00, 0x00, 0x20, 0x00, 0x98, 0x00, 0x43, 0xCC, 0x00, 0x00, 0x20, 0x00,
 467          //  0x98, 0x00, 0x53, 0xCC, 0x00, 0x00, 0x20, 0x00, 0x98, 0x00, 0x02, 0x2C, 0x00, 0x00, 0x00, 0x00,
 468          //  0x98, 0x00, 0x12, 0x2C, 0x00, 0x00, 0x00, 0x00, 0x98, 0x00, 0x22, 0x2C, 0x00, 0x00, 0x00, 0x00,
 469          //  0x98, 0x00, 0x32, 0x2C, 0x00, 0x00, 0x00, 0x00, 0x98, 0x00, 0x42, 0x2C, 0x00, 0x00, 0x00, 0x00,
 470          //  0x98, 0x00, 0x52, 0x2C, 0x00, 0x00, 0x00, 0x00, 0x98, 0x00, 0x02, 0x30, 0x00, 0x00, 0x00, 0x00,
 471          //  0x98, 0x00, 0x12, 0x30, 0x00, 0x00, 0x00, 0x00, 0x98, 0x00, 0x22, 0x30, 0x00, 0x00, 0x00, 0x00,
 472          //  0x98, 0x00, 0x32, 0x30, 0x00, 0x00, 0x00, 0x00, 0x98, 0x00, 0x42, 0x30, 0x00, 0x00, 0x00, 0x00,
 473          //  0x98, 0x00, 0x52, 0x30, 0x00, 0x00, 0x00, 0x00, 0x98, 0x00, 0x02, 0x34, 0x00, 0x00, 0x40, 0x00,
 474          //  0x98, 0x00, 0x12, 0x34, 0x00, 0x00, 0x40, 0x00, 0x98, 0x00, 0x22, 0x34, 0x00, 0x00, 0x40, 0x00,
 475          //  0x98, 0x00, 0x32, 0x34, 0x00, 0x00, 0x40, 0x00, 0x98, 0x00, 0x42, 0x34, 0x00, 0x00, 0x40, 0x00,
 476          //  0x98, 0x00, 0x52, 0x34, 0x00, 0x00, 0x40, 0x00, 0x98, 0x00, 0x02, 0x3C, 0x00, 0x00, 0x00, 0x18,
 477          //  0x98, 0x00, 0x12, 0x3C, 0x00, 0x00, 0x00, 0x18, 0x98, 0x00, 0x22, 0x3C, 0x00, 0x00, 0x00, 0x18,
 478          //  0x98, 0x00, 0x32, 0x3C, 0x00, 0x00, 0x00, 0x18, 0x98, 0x00, 0x42, 0x3C, 0x00, 0x00, 0x00, 0x18,
 479          //  0x98, 0x00, 0x52, 0x3C, 0x00, 0x00, 0x00, 0x18, 0x98, 0x00, 0x02, 0x50, 0x00, 0x00, 0xA0, 0xC0,
 480          //  0x98, 0x00, 0x12, 0x50, 0x00, 0x00, 0xA0, 0xC0, 0x98, 0x00, 0x22, 0x50, 0x00, 0x00, 0xA0, 0xC0,
 481          //  0x98, 0x00, 0x32, 0x50, 0x00, 0x00, 0xA0, 0xC0, 0x98, 0x00, 0x42, 0x50, 0x00, 0x00, 0xA0, 0xC0,
 482          //  0x98, 0x00, 0x52, 0x50, 0x00, 0x00, 0xA0, 0xC0, 0x80, 0x00, 0x00, 0xF8, 0x00, 0x00, 0x00, 0x00,
 483          //  0x80, 0x00, 0x00, 0xF8, 0x00, 0x00, 0x00, 0x01, 0x80, 0x00, 0x00, 0xF8, 0x00, 0x00, 0x00, 0x02,
 484          //  0x80, 0x00, 0x00, 0xF8, 0x00, 0x00, 0x00, 0x03, 0x80, 0x00, 0x00, 0xF8, 0x00, 0x00, 0x00, 0x04,
 485          //  0x98, 0x00, 0x02, 0x50, 0x00, 0x00, 0xA0, 0x60, 0x98, 0x00, 0x12, 0x50, 0x00, 0x00, 0xA0, 0x60,
 486          //  0x98, 0x00, 0x22, 0x50, 0x00, 0x00, 0xA0, 0x60, 0x98, 0x00, 0x32, 0x50, 0x00, 0x00, 0xA0, 0x60,
 487          //  0x98, 0x00, 0x42, 0x50, 0x00, 0x00, 0xA0, 0x60, 0x98, 0x00, 0x52, 0x50, 0x00, 0x00, 0xA0, 0x60,
 488          //  0x98, 0x00, 0x02, 0x54, 0x00, 0x00, 0x55, 0x03, 0x98, 0x00, 0x12, 0x54, 0x00, 0x00, 0x55, 0x03,
C51 COMPILER V9.56.0.0   TABLE                                                             11/12/2020 12:58:01 PAGE 9   

 489          //  0x98, 0x00, 0x22, 0x54, 0x00, 0x00, 0x55, 0x03, 0x98, 0x00, 0x32, 0x54, 0x00, 0x00, 0x55, 0x03,
 490          //  0x98, 0x00, 0x42, 0x54, 0x00, 0x00, 0x55, 0x03, 0x98, 0x00, 0x52, 0x54, 0x00, 0x00, 0x55, 0x03,
 491          //  0x98, 0x00, 0x02, 0x58, 0x00, 0x00, 0x00, 0x00, 0x98, 0x00, 0x12, 0x58, 0x00, 0x00, 0x00, 0x00,
 492          //  0x98, 0x00, 0x22, 0x58, 0x00, 0x00, 0x00, 0x00, 0x98, 0x00, 0x32, 0x58, 0x00, 0x00, 0x00, 0x00,
 493          //  0x98, 0x00, 0x42, 0x58, 0x00, 0x00, 0x00, 0x00, 0x98, 0x00, 0x52, 0x58, 0x00, 0x00, 0x00, 0x00,
 494          //  0x98, 0x00, 0x02, 0x7C, 0x00, 0x00, 0x90, 0xAA, 0x98, 0x00, 0x12, 0x7C, 0x00, 0x00, 0x90, 0xAA,
 495          //  0x98, 0x00, 0x22, 0x7C, 0x00, 0x00, 0x90, 0xAA, 0x98, 0x00, 0x32, 0x7C, 0x00, 0x00, 0x90, 0xAA,
 496          //  0x98, 0x00, 0x42, 0x7C, 0x00, 0x00, 0x90, 0xAA, 0x98, 0x00, 0x52, 0x7C, 0x00, 0x00, 0x90, 0xAA,
 497          //  0x98, 0x00, 0x02, 0x80, 0x00, 0x00, 0x08, 0x00, 0x98, 0x00, 0x12, 0x80, 0x00, 0x00, 0x08, 0x00,
 498          //  0x98, 0x00, 0x22, 0x80, 0x00, 0x00, 0x08, 0x00, 0x98, 0x00, 0x32, 0x80, 0x00, 0x00, 0x08, 0x00,
 499          //  0x98, 0x00, 0x42, 0x80, 0x00, 0x00, 0x08, 0x00, 0x98, 0x00, 0x52, 0x80, 0x00, 0x00, 0x08, 0x00,
 500          //  0x98, 0x00, 0x02, 0x8C, 0x00, 0x00, 0x03, 0x71, 0x98, 0x00, 0x12, 0x8C, 0x00, 0x00, 0x03, 0x71,
 501          //  0x98, 0x00, 0x22, 0x8C, 0x00, 0x00, 0x03, 0x71, 0x98, 0x00, 0x32, 0x8C, 0x00, 0x00, 0x03, 0x71,
 502          //  0x98, 0x00, 0x42, 0x8C, 0x00, 0x00, 0x03, 0x71, 0x98, 0x00, 0x52, 0x8C, 0x00, 0x00, 0x03, 0x71,
 503          //  0x98, 0x00, 0x03, 0x5C, 0x00, 0x00, 0x42, 0x3F, 0x98, 0x00, 0x13, 0x5C, 0x00, 0x00, 0x42, 0x3F,
 504          //  0x98, 0x00, 0x23, 0x5C, 0x00, 0x00, 0x42, 0x3F, 0x98, 0x00, 0x33, 0x5C, 0x00, 0x00, 0x42, 0x3F,
 505          //  0x98, 0x00, 0x43, 0x5C, 0x00, 0x00, 0x42, 0x3F, 0x98, 0x00, 0x53, 0x5C, 0x00, 0x00, 0x42, 0x3F,
 506          //  0x98, 0x00, 0x03, 0x64, 0x00, 0x00, 0x55, 0x55, 0x98, 0x00, 0x13, 0x64, 0x00, 0x00, 0x55, 0x55,
 507          //  0x98, 0x00, 0x23, 0x64, 0x00, 0x00, 0x55, 0x55, 0x98, 0x00, 0x33, 0x64, 0x00, 0x00, 0x55, 0x55,
 508          //  0x98, 0x00, 0x43, 0x64, 0x00, 0x00, 0x55, 0x55, 0x98, 0x00, 0x53, 0x64, 0x00, 0x00, 0x55, 0x55,
 509          //  0x98, 0x00, 0x03, 0x6C, 0x00, 0x00, 0x00, 0x00, 0x98, 0x00, 0x13, 0x6C, 0x00, 0x00, 0x00, 0x00,
 510          //  0x98, 0x00, 0x23, 0x6C, 0x00, 0x00, 0x00, 0x00, 0x98, 0x00, 0x33, 0x6C, 0x00, 0x00, 0x00, 0x00,
 511          //  0x98, 0x00, 0x43, 0x6C, 0x00, 0x00, 0x00, 0x00, 0x98, 0x00, 0x53, 0x6C, 0x00, 0x00, 0x00, 0x00,
 512          //  0x98, 0x00, 0x02, 0x34, 0x00, 0x00, 0x40, 0x00, 0x98, 0x00, 0x12, 0x34, 0x00, 0x00, 0x40, 0x00,
 513          //  0x98, 0x00, 0x22, 0x34, 0x00, 0x00, 0x40, 0x00, 0x98, 0x00, 0x32, 0x34, 0x00, 0x00, 0x40, 0x00,
 514          //  0x98, 0x00, 0x42, 0x34, 0x00, 0x00, 0x40, 0x00, 0x98, 0x00, 0x52, 0x34, 0x00, 0x00, 0x40, 0x00,
 515          //  0x98, 0x00, 0x02, 0x28, 0x00, 0x00, 0xE0, 0xC0, 0x98, 0x00, 0x12, 0x28, 0x00, 0x00, 0xE0, 0xC0,
 516          //  0x98, 0x00, 0x22, 0x28, 0x00, 0x00, 0xE0, 0xC0, 0x98, 0x00, 0x32, 0x28, 0x00, 0x00, 0xE0, 0xC0,
 517          //  0x98, 0x00, 0x42, 0x28, 0x00, 0x00, 0xE0, 0xC0, 0x98, 0x00, 0x52, 0x28, 0x00, 0x00, 0xE0, 0xC0,
 518          //  0x98, 0x00, 0x03, 0x6C, 0x00, 0x00, 0x80, 0x40, 0x98, 0x00, 0x13, 0x6C, 0x00, 0x00, 0x80, 0x40,
 519          //  0x98, 0x00, 0x23, 0x6C, 0x00, 0x00, 0x80, 0x40, 0x98, 0x00, 0x33, 0x6C, 0x00, 0x00, 0x80, 0x40,
 520          //  0x98, 0x00, 0x43, 0x6C, 0x00, 0x00, 0x80, 0x40, 0x98, 0x00, 0x53, 0x6C, 0x00, 0x00, 0x80, 0x40,
 521          //  0x98, 0x00, 0x03, 0x6C, 0x00, 0x00, 0x80, 0x00, 0x98, 0x00, 0x13, 0x6C, 0x00, 0x00, 0x80, 0x00,
 522          //  0x98, 0x00, 0x23, 0x6C, 0x00, 0x00, 0x80, 0x00, 0x98, 0x00, 0x33, 0x6C, 0x00, 0x00, 0x80, 0x00,
 523          //  0x98, 0x00, 0x43, 0x6C, 0x00, 0x00, 0x80, 0x00, 0x98, 0x00, 0x53, 0x6C, 0x00, 0x00, 0x80, 0x00,
 524          //  0x80, 0x00, 0x00, 0xF8, 0x00, 0x00, 0x00, 0x00, 0x80, 0x00, 0x00, 0xF8, 0x00, 0x00, 0x00, 0x01,
 525          //  0x80, 0x00, 0x00, 0xF8, 0x00, 0x00, 0x00, 0x02, 0x80, 0x00, 0x00, 0xF8, 0x00, 0x00, 0x00, 0x03,
 526          //  0x80, 0x00, 0x00, 0xF8, 0x00, 0x00, 0x00, 0x04, 0x80, 0x00, 0x00, 0xF8, 0x00, 0x00, 0x00, 0x05,
 527          //  0x80, 0x00, 0x00, 0xF8, 0x00, 0x00, 0x00, 0x06, 0x80, 0x00, 0x00, 0xF8, 0x00, 0x00, 0x00, 0x07,
 528          //  0x80, 0x00, 0x00, 0xF8, 0x00, 0x00, 0x00, 0x08, 0x80, 0x00, 0x00, 0xF8, 0x00, 0x00, 0x00, 0x09,
 529          //  0x98, 0x00, 0x02, 0x24, 0x00, 0x00, 0x00, 0x00, 0x98, 0x00, 0x12, 0x24, 0x00, 0x00, 0x00, 0x00,
 530          //  0x98, 0x00, 0x22, 0x24, 0x00, 0x00, 0x00, 0x00, 0x98, 0x00, 0x32, 0x24, 0x00, 0x00, 0x00, 0x00,
 531          //  0x98, 0x00, 0x42, 0x24, 0x00, 0x00, 0x00, 0x00, 0x98, 0x00, 0x52, 0x24, 0x00, 0x00, 0x00, 0x00,
 532          //  0x98, 0x00, 0x02, 0x24, 0x00, 0x00, 0x80, 0x00, 0x98, 0x00, 0x12, 0x24, 0x00, 0x00, 0x80, 0x00,
 533          //  0x98, 0x00, 0x22, 0x24, 0x00, 0x00, 0x80, 0x00, 0x98, 0x00, 0x32, 0x24, 0x00, 0x00, 0x80, 0x00,
 534          //  0x98, 0x00, 0x42, 0x24, 0x00, 0x00, 0x80, 0x00, 0x98, 0x00, 0x52, 0x24, 0x00, 0x00, 0x80, 0x00,
 535          //  0x98, 0x00, 0x02, 0x24, 0x00, 0x00, 0x00, 0x00, 0x98, 0x00, 0x12, 0x24, 0x00, 0x00, 0x00, 0x00,
 536          //  0x98, 0x00, 0x22, 0x24, 0x00, 0x00, 0x00, 0x00, 0x98, 0x00, 0x32, 0x24, 0x00, 0x00, 0x00, 0x00,
 537          //  0x98, 0x00, 0x42, 0x24, 0x00, 0x00, 0x00, 0x00, 0x98, 0x00, 0x52, 0x24, 0x00, 0x00, 0x00, 0x00,
 538          //  0x80, 0x00, 0x00, 0xF8, 0x00, 0x00, 0x00, 0x00, 0x80, 0x00, 0x00, 0xF8, 0x00, 0x00, 0x00, 0x01,
 539          //  0x80, 0x00, 0x00, 0xF8, 0x00, 0x00, 0x00, 0x02, 0x80, 0x00, 0x00, 0xF8, 0x00, 0x00, 0x00, 0x03,
 540          //  0x80, 0x00, 0x00, 0xF8, 0x00, 0x00, 0x00, 0x04, 0x80, 0x00, 0x00, 0xF8, 0x00, 0x00, 0x00, 0x05,
 541          //  0x80, 0x00, 0x00, 0xF8, 0x00, 0x00, 0x00, 0x06, 0x80, 0x00, 0x00, 0xF8, 0x00, 0x00, 0x00, 0x07,
 542          //  0x80, 0x00, 0x00, 0xF8, 0x00, 0x00, 0x00, 0x08, 0x80, 0x00, 0x00, 0xF8, 0x00, 0x00, 0x00, 0x09,
 543          //  0x98, 0x00, 0x00, 0x04, 0x00, 0x00, 0x00, 0x18, 0x98, 0x00, 0x10, 0x04, 0x00, 0x00, 0x00, 0x18,
 544          //  0x98, 0x00, 0x20, 0x04, 0x00, 0x00, 0x00, 0x18, 0x98, 0x00, 0x30, 0x04, 0x00, 0x00, 0x00, 0x18,
 545          //  0x98, 0x00, 0x40, 0x04, 0x00, 0x00, 0x00, 0x18, 0x98, 0x00, 0x50, 0x04, 0x00, 0x00, 0x00, 0x18,
 546          //  0x80, 0x00, 0x00, 0xF8, 0x00, 0x00, 0x00, 0x00, 0x80, 0x00, 0x00, 0xF8, 0x00, 0x00, 0x00, 0x01,
 547          //  0x80, 0x00, 0x00, 0xF8, 0x00, 0x00, 0x00, 0x02, 0x80, 0x00, 0x00, 0xF8, 0x00, 0x00, 0x00, 0x03,
 548          //  0x80, 0x00, 0x00, 0xF8, 0x00, 0x00, 0x00, 0x04, 0x80, 0x00, 0x00, 0xF8, 0x00, 0x00, 0x00, 0x05,
 549          //  0x80, 0x00, 0x00, 0xF8, 0x00, 0x00, 0x00, 0x06, 0x80, 0x00, 0x00, 0xF8, 0x00, 0x00, 0x00, 0x07,
 550          //  0x80, 0x00, 0x00, 0xF8, 0x00, 0x00, 0x00, 0x08, 0x80, 0x00, 0x00, 0xF8, 0x00, 0x00, 0x00, 0x09,
C51 COMPILER V9.56.0.0   TABLE                                                             11/12/2020 12:58:01 PAGE 10  

 551          //  0x98, 0x00, 0x00, 0x04, 0x00, 0x00, 0x00, 0x08, 0x98, 0x00, 0x10, 0x04, 0x00, 0x00, 0x00, 0x08,
 552          //  0x98, 0x00, 0x20, 0x04, 0x00, 0x00, 0x00, 0x08, 0x98, 0x00, 0x30, 0x04, 0x00, 0x00, 0x00, 0x08,
 553          //  0x98, 0x00, 0x40, 0x04, 0x00, 0x00, 0x00, 0x08, 0x98, 0x00, 0x50, 0x04, 0x00, 0x00, 0x00, 0x08,
 554          //  0x80, 0x00, 0x00, 0xF8, 0x00, 0x00, 0x00, 0x00, 0x80, 0x00, 0x00, 0xF8, 0x00, 0x00, 0x00, 0x01,
 555          //  0x80, 0x00, 0x00, 0xF8, 0x00, 0x00, 0x00, 0x02, 0x80, 0x00, 0x00, 0xF8, 0x00, 0x00, 0x00, 0x03,
 556          //  0x80, 0x00, 0x00, 0xF8, 0x00, 0x00, 0x00, 0x04, 0x80, 0x00, 0x00, 0xF8, 0x00, 0x00, 0x00, 0x05,
 557          //  0x80, 0x00, 0x00, 0xF8, 0x00, 0x00, 0x00, 0x06, 0x80, 0x00, 0x00, 0xF8, 0x00, 0x00, 0x00, 0x07,
 558          //  0x80, 0x00, 0x00, 0xF8, 0x00, 0x00, 0x00, 0x08, 0x80, 0x00, 0x00, 0xF8, 0x00, 0x00, 0x00, 0x09,
 559          //  0x98, 0x00, 0x00, 0x04, 0x00, 0x00, 0x00, 0x28, 0x98, 0x00, 0x10, 0x04, 0x00, 0x00, 0x00, 0x28,
 560          //  0x98, 0x00, 0x20, 0x04, 0x00, 0x00, 0x00, 0x28, 0x98, 0x00, 0x30, 0x04, 0x00, 0x00, 0x00, 0x28,
 561          //  0x98, 0x00, 0x40, 0x04, 0x00, 0x00, 0x00, 0x28, 0x98, 0x00, 0x50, 0x04, 0x00, 0x00, 0x00, 0x28,
 562          //  0x80, 0x00, 0x00, 0xF8, 0x00, 0x00, 0x00, 0x00, 0x80, 0x00, 0x00, 0xF8, 0x00, 0x00, 0x00, 0x01,
 563          //  0x80, 0x00, 0x00, 0xF8, 0x00, 0x00, 0x00, 0x02, 0x80, 0x00, 0x00, 0xF8, 0x00, 0x00, 0x00, 0x03,
 564          //  0x80, 0x00, 0x00, 0xF8, 0x00, 0x00, 0x00, 0x04, 0x80, 0x00, 0x00, 0xF8, 0x00, 0x00, 0x00, 0x05,
 565          //  0x80, 0x00, 0x00, 0xF8, 0x00, 0x00, 0x00, 0x06, 0x80, 0x00, 0x00, 0xF8, 0x00, 0x00, 0x00, 0x07,
 566          //  0x80, 0x00, 0x00, 0xF8, 0x00, 0x00, 0x00, 0x08, 0x80, 0x00, 0x00, 0xF8, 0x00, 0x00, 0x00, 0x09,
 567          //  0x90, 0x00, 0x00, 0x00, 0x00, 0x00, 0xD0, 0x01, 0x90, 0x00, 0x04, 0x00, 0x00, 0x00, 0xD0, 0x01,
 568          //  0x90, 0x00, 0x08, 0x00, 0x00, 0x00, 0xD0, 0x01, 0x90, 0x00, 0x0C, 0x00, 0x00, 0x00, 0xD0, 0x01,
 569          //  0x90, 0x00, 0x10, 0x00, 0x00, 0x00, 0xD0, 0x01, 0x90, 0x00, 0x14, 0x00, 0x00, 0x00, 0xD0, 0x01,
 570          //  0x90, 0x00, 0x18, 0x00, 0x00, 0x00, 0xD0, 0x01, 0x90, 0x00, 0x1C, 0x00, 0x00, 0x00, 0xD0, 0x01,
 571          //  0x90, 0x00, 0x20, 0x00, 0x00, 0x00, 0xD0, 0x01, 0x90, 0x00, 0x24, 0x00, 0x00, 0x00, 0xD0, 0x01,
 572          //  0x90, 0x00, 0x28, 0x00, 0x00, 0x00, 0xD0, 0x01, 0x90, 0x00, 0x2C, 0x00, 0x00, 0x00, 0xD0, 0x01,
 573          //  0x90, 0x00, 0x30, 0x00, 0x00, 0x00, 0xD0, 0x01, 0x90, 0x00, 0x34, 0x00, 0x00, 0x00, 0xD0, 0x01,
 574          //  0x90, 0x00, 0x38, 0x00, 0x00, 0x00, 0xD0, 0x01, 0x90, 0x00, 0x3C, 0x00, 0x00, 0x00, 0xD0, 0x01,
 575          //  0x90, 0x00, 0x40, 0x00, 0x00, 0x00, 0xD0, 0x01, 0x90, 0x00, 0x44, 0x00, 0x00, 0x00, 0xD0, 0x01,
 576          //  0x90, 0x00, 0x48, 0x00, 0x00, 0x00, 0xD0, 0x01, 0x90, 0x00, 0x4C, 0x00, 0x00, 0x00, 0xD0, 0x01,
 577          //  0x90, 0x00, 0x50, 0x00, 0x00, 0x00, 0xD0, 0x01, 0x90, 0x00, 0x54, 0x00, 0x00, 0x00, 0xD0, 0x01,
 578          //  0x90, 0x00, 0x58, 0x00, 0x00, 0x00, 0xD0, 0x01, 0x90, 0x00, 0x5C, 0x00, 0x00, 0x00, 0xD0, 0x01,
 579          //  0x90, 0x00, 0x00, 0x04, 0x00, 0x00, 0x00, 0x11, 0x90, 0x00, 0x04, 0x04, 0x00, 0x00, 0x00, 0x91,
 580          //  0x90, 0x00, 0x08, 0x04, 0x00, 0x00, 0x01, 0x11, 0x90, 0x00, 0x0C, 0x04, 0x00, 0x00, 0x01, 0x91,
 581          //  0x90, 0x00, 0x10, 0x04, 0x00, 0x00, 0x02, 0x11, 0x90, 0x00, 0x14, 0x04, 0x00, 0x00, 0x02, 0x91,
 582          //  0x90, 0x00, 0x18, 0x04, 0x00, 0x00, 0x03, 0x11, 0x90, 0x00, 0x1C, 0x04, 0x00, 0x00, 0x03, 0x91,
 583          //  0x90, 0x00, 0x20, 0x04, 0x00, 0x00, 0x04, 0x11, 0x90, 0x00, 0x24, 0x04, 0x00, 0x00, 0x04, 0x91,
 584          //  0x90, 0x00, 0x28, 0x04, 0x00, 0x00, 0x05, 0x11, 0x90, 0x00, 0x2C, 0x04, 0x00, 0x00, 0x05, 0x91,
 585          //  0x90, 0x00, 0x30, 0x04, 0x00, 0x00, 0x06, 0x11, 0x90, 0x00, 0x34, 0x04, 0x00, 0x00, 0x06, 0x91,
 586          //  0x90, 0x00, 0x38, 0x04, 0x00, 0x00, 0x07, 0x11, 0x90, 0x00, 0x3C, 0x04, 0x00, 0x00, 0x07, 0x91,
 587          //  0x90, 0x00, 0x40, 0x04, 0x00, 0x00, 0x08, 0x11, 0x90, 0x00, 0x44, 0x04, 0x00, 0x00, 0x08, 0x91,
 588          //  0x90, 0x00, 0x48, 0x04, 0x00, 0x00, 0x09, 0x11, 0x90, 0x00, 0x4C, 0x04, 0x00, 0x00, 0x09, 0x91,
 589          //  0x90, 0x00, 0x50, 0x04, 0x00, 0x00, 0x0A, 0x11, 0x90, 0x00, 0x54, 0x04, 0x00, 0x00, 0x0A, 0x91,
 590          //  0x90, 0x00, 0x58, 0x04, 0x00, 0x00, 0x0B, 0x11, 0x90, 0x00, 0x5C, 0x04, 0x00, 0x00, 0x0B, 0x91,
 591          //  0x90, 0x00, 0x00, 0x0C, 0x00, 0x00, 0xBA, 0xE4, 0x90, 0x00, 0x04, 0x0C, 0x00, 0x00, 0xBA, 0xE4,
 592          //  0x90, 0x00, 0x08, 0x0C, 0x00, 0x00, 0xBA, 0xE4, 0x90, 0x00, 0x0C, 0x0C, 0x00, 0x00, 0xBA, 0xE4,
 593          //  0x90, 0x00, 0x10, 0x0C, 0x00, 0x00, 0xBA, 0xE4, 0x90, 0x00, 0x14, 0x0C, 0x00, 0x00, 0xBA, 0xE4,
 594          //  0x90, 0x00, 0x18, 0x0C, 0x00, 0x00, 0xBA, 0xE4, 0x90, 0x00, 0x1C, 0x0C, 0x00, 0x00, 0xBA, 0xE4,
 595          //  0x90, 0x00, 0x20, 0x0C, 0x00, 0x00, 0xBA, 0xE4, 0x90, 0x00, 0x24, 0x0C, 0x00, 0x00, 0xBA, 0xE4,
 596          //  0x90, 0x00, 0x28, 0x0C, 0x00, 0x00, 0xBA, 0xE4, 0x90, 0x00, 0x2C, 0x0C, 0x00, 0x00, 0xBA, 0xE4,
 597          //  0x90, 0x00, 0x30, 0x0C, 0x00, 0x00, 0xBA, 0xE4, 0x90, 0x00, 0x34, 0x0C, 0x00, 0x00, 0xBA, 0xE4,
 598          //  0x90, 0x00, 0x38, 0x0C, 0x00, 0x00, 0xBA, 0xE4, 0x90, 0x00, 0x3C, 0x0C, 0x00, 0x00, 0xBA, 0xE4,
 599          //  0x90, 0x00, 0x40, 0x0C, 0x00, 0x00, 0xBA, 0xE4, 0x90, 0x00, 0x44, 0x0C, 0x00, 0x00, 0xBA, 0xE4,
 600          //  0x90, 0x00, 0x48, 0x0C, 0x00, 0x00, 0xBA, 0xE4, 0x90, 0x00, 0x4C, 0x0C, 0x00, 0x00, 0xBA, 0xE4,
 601          //  0x90, 0x00, 0x50, 0x0C, 0x00, 0x00, 0xBA, 0xE4, 0x90, 0x00, 0x54, 0x0C, 0x00, 0x00, 0xBA, 0xE4,
 602          //  0x90, 0x00, 0x58, 0x0C, 0x00, 0x00, 0xBA, 0xE4, 0x90, 0x00, 0x5C, 0x0C, 0x00, 0x00, 0xBA, 0xE4,
 603          //  0x90, 0x00, 0x00, 0x08, 0x00, 0x00, 0xC0, 0x09, 0x90, 0x00, 0x04, 0x08, 0x00, 0x00, 0xC0, 0x09,
 604          //  0x90, 0x00, 0x08, 0x08, 0x00, 0x00, 0xC0, 0x09, 0x90, 0x00, 0x0C, 0x08, 0x00, 0x00, 0xC0, 0x09,
 605          //  0x90, 0x00, 0x10, 0x08, 0x00, 0x00, 0xC0, 0x09, 0x90, 0x00, 0x14, 0x08, 0x00, 0x00, 0xC0, 0x09,
 606          //  0x90, 0x00, 0x18, 0x08, 0x00, 0x00, 0xC0, 0x09, 0x90, 0x00, 0x1C, 0x08, 0x00, 0x00, 0xC0, 0x09,
 607          //  0x90, 0x00, 0x20, 0x08, 0x00, 0x00, 0xC0, 0x09, 0x90, 0x00, 0x24, 0x08, 0x00, 0x00, 0xC0, 0x09,
 608          //  0x90, 0x00, 0x28, 0x08, 0x00, 0x00, 0xC0, 0x09, 0x90, 0x00, 0x2C, 0x08, 0x00, 0x00, 0xC0, 0x09,
 609          //  0x90, 0x00, 0x30, 0x08, 0x00, 0x00, 0xC0, 0x09, 0x90, 0x00, 0x34, 0x08, 0x00, 0x00, 0xC0, 0x09,
 610          //  0x90, 0x00, 0x38, 0x08, 0x00, 0x00, 0xC0, 0x09, 0x90, 0x00, 0x3C, 0x08, 0x00, 0x00, 0xC0, 0x09,
 611          //  0x90, 0x00, 0x40, 0x08, 0x00, 0x00, 0xC0, 0x09, 0x90, 0x00, 0x44, 0x08, 0x00, 0x00, 0xC0, 0x09,
 612          //  0x90, 0x00, 0x48, 0x08, 0x00, 0x00, 0xC0, 0x09, 0x90, 0x00, 0x4C, 0x08, 0x00, 0x00, 0xC0, 0x09,
C51 COMPILER V9.56.0.0   TABLE                                                             11/12/2020 12:58:01 PAGE 11  

 613          //  0x90, 0x00, 0x50, 0x08, 0x00, 0x00, 0xC0, 0x09, 0x90, 0x00, 0x54, 0x08, 0x00, 0x00, 0xC0, 0x09,
 614          //  0x90, 0x00, 0x58, 0x08, 0x00, 0x00, 0xC0, 0x09, 0x90, 0x00, 0x5C, 0x08, 0x00, 0x00, 0xC0, 0x09,
 615          //  0x90, 0x00, 0x00, 0xC4, 0x00, 0x00, 0x01, 0x00, 0x90, 0x00, 0x04, 0xC4, 0x00, 0x00, 0x01, 0x00,
 616          //  0x90, 0x00, 0x08, 0xC4, 0x00, 0x00, 0x01, 0x00, 0x90, 0x00, 0x0C, 0xC4, 0x00, 0x00, 0x01, 0x00,
 617          //  0x90, 0x00, 0x10, 0xC4, 0x00, 0x00, 0x01, 0x00, 0x90, 0x00, 0x14, 0xC4, 0x00, 0x00, 0x01, 0x00,
 618          //  0x90, 0x00, 0x18, 0xC4, 0x00, 0x00, 0x01, 0x00, 0x90, 0x00, 0x1C, 0xC4, 0x00, 0x00, 0x01, 0x00,
 619          //  0x90, 0x00, 0x20, 0xC4, 0x00, 0x00, 0x01, 0x00, 0x90, 0x00, 0x24, 0xC4, 0x00, 0x00, 0x01, 0x00,
 620          //  0x90, 0x00, 0x28, 0xC4, 0x00, 0x00, 0x01, 0x00, 0x90, 0x00, 0x2C, 0xC4, 0x00, 0x00, 0x01, 0x00,
 621          //  0x90, 0x00, 0x30, 0xC4, 0x00, 0x00, 0x01, 0x00, 0x90, 0x00, 0x34, 0xC4, 0x00, 0x00, 0x01, 0x00,
 622          //  0x90, 0x00, 0x38, 0xC4, 0x00, 0x00, 0x01, 0x00, 0x90, 0x00, 0x3C, 0xC4, 0x00, 0x00, 0x01, 0x00,
 623          //  0x90, 0x00, 0x40, 0xC4, 0x00, 0x00, 0x01, 0x00, 0x90, 0x00, 0x44, 0xC4, 0x00, 0x00, 0x01, 0x00,
 624          //  0x90, 0x00, 0x48, 0xC4, 0x00, 0x00, 0x01, 0x00, 0x90, 0x00, 0x4C, 0xC4, 0x00, 0x00, 0x01, 0x00,
 625          //  0x90, 0x00, 0x50, 0xC4, 0x00, 0x00, 0x01, 0x00, 0x90, 0x00, 0x54, 0xC4, 0x00, 0x00, 0x01, 0x00,
 626          //  0x90, 0x00, 0x58, 0xC4, 0x00, 0x00, 0x01, 0x00, 0x90, 0x00, 0x5C, 0xC4, 0x00, 0x00, 0x01, 0x00,
 627          //  0x90, 0x00, 0x00, 0x14, 0x00, 0x00, 0x08, 0xD6, 0x90, 0x00, 0x04, 0x14, 0x00, 0x00, 0x08, 0xD6,
 628          //  0x90, 0x00, 0x08, 0x14, 0x00, 0x00, 0x08, 0xD6, 0x90, 0x00, 0x0C, 0x14, 0x00, 0x00, 0x08, 0xD6,
 629          //  0x90, 0x00, 0x10, 0x14, 0x00, 0x00, 0x08, 0xD6, 0x90, 0x00, 0x14, 0x14, 0x00, 0x00, 0x08, 0xD6,
 630          //  0x90, 0x00, 0x18, 0x14, 0x00, 0x00, 0x08, 0xD6, 0x90, 0x00, 0x1C, 0x14, 0x00, 0x00, 0x08, 0xD6,
 631          //  0x90, 0x00, 0x20, 0x14, 0x00, 0x00, 0x08, 0xD6, 0x90, 0x00, 0x24, 0x14, 0x00, 0x00, 0x08, 0xD6,
 632          //  0x90, 0x00, 0x28, 0x14, 0x00, 0x00, 0x08, 0xD6, 0x90, 0x00, 0x2C, 0x14, 0x00, 0x00, 0x08, 0xD6,
 633          //  0x90, 0x00, 0x30, 0x14, 0x00, 0x00, 0x08, 0xD6, 0x90, 0x00, 0x34, 0x14, 0x00, 0x00, 0x08, 0xD6,
 634          //  0x90, 0x00, 0x38, 0x14, 0x00, 0x00, 0x08, 0xD6, 0x90, 0x00, 0x3C, 0x14, 0x00, 0x00, 0x08, 0xD6,
 635          //  0x90, 0x00, 0x40, 0x14, 0x00, 0x00, 0x08, 0xD6, 0x90, 0x00, 0x44, 0x14, 0x00, 0x00, 0x08, 0xD6,
 636          //  0x90, 0x00, 0x48, 0x14, 0x00, 0x00, 0x08, 0xD6, 0x90, 0x00, 0x4C, 0x14, 0x00, 0x00, 0x08, 0xD6,
 637          //  0x90, 0x00, 0x50, 0x14, 0x00, 0x00, 0x08, 0xD6, 0x90, 0x00, 0x54, 0x14, 0x00, 0x00, 0x08, 0xD6,
 638          //  0x90, 0x00, 0x58, 0x14, 0x00, 0x00, 0x08, 0xD6, 0x90, 0x00, 0x5C, 0x14, 0x00, 0x00, 0x08, 0xD6,
 639          //  0x82, 0x00, 0x00, 0x00, 0x48, 0x00, 0x00, 0x00, 0x82, 0x00, 0x10, 0x00, 0x48, 0x00, 0x00, 0x00,
 640          //  0x82, 0x00, 0x20, 0x00, 0x48, 0x00, 0x00, 0x00, 0x82, 0x00, 0x30, 0x00, 0x48, 0x00, 0x00, 0x00,
 641          //  0x82, 0x00, 0x40, 0x00, 0x48, 0x00, 0x00, 0x00, 0x82, 0x00, 0x50, 0x00, 0x48, 0x00, 0x00, 0x00,
 642          //  0x82, 0x00, 0x60, 0x00, 0x48, 0x00, 0x00, 0x00, 0x82, 0x00, 0x70, 0x00, 0x48, 0x00, 0x00, 0x00,
 643          //  0x82, 0x00, 0x80, 0x00, 0x48, 0x00, 0x00, 0x00, 0x82, 0x00, 0x90, 0x00, 0x48, 0x00, 0x00, 0x00,
 644          //  0x82, 0x00, 0xA0, 0x00, 0x48, 0x00, 0x00, 0x00, 0x82, 0x00, 0xB0, 0x00, 0x48, 0x00, 0x00, 0x00,
 645          //  0x82, 0x00, 0xC0, 0x00, 0x48, 0x00, 0x00, 0x00, 0x82, 0x00, 0xD0, 0x00, 0x48, 0x00, 0x00, 0x00,
 646          //  0x82, 0x00, 0xE0, 0x00, 0x48, 0x00, 0x00, 0x00, 0x82, 0x00, 0xF0, 0x00, 0x48, 0x00, 0x00, 0x00,
 647          //  0x82, 0x01, 0x00, 0x00, 0x48, 0x00, 0x00, 0x00, 0x82, 0x01, 0x10, 0x00, 0x48, 0x00, 0x00, 0x00,
 648          //  0x82, 0x01, 0x20, 0x00, 0x48, 0x00, 0x00, 0x00, 0x82, 0x01, 0x30, 0x00, 0x48, 0x00, 0x00, 0x00,
 649          //  0x82, 0x01, 0x40, 0x00, 0x48, 0x00, 0x00, 0x00, 0x82, 0x01, 0x50, 0x00, 0x48, 0x00, 0x00, 0x00,
 650          //  0x82, 0x01, 0x60, 0x00, 0x48, 0x00, 0x00, 0x00, 0x82, 0x01, 0x70, 0x00, 0x48, 0x00, 0x00, 0x00,
 651          //  0x82, 0x04, 0x00, 0x04, 0x00, 0x00, 0xFD, 0x90, 0x82, 0x04, 0x02, 0x00, 0x00, 0x00, 0x00, 0x00,
 652          //  0x82, 0x04, 0x02, 0x04, 0x00, 0x00, 0x00, 0x00, 0x82, 0x04, 0x02, 0x08, 0x00, 0x00, 0x00, 0x00,
 653          //  0x82, 0x04, 0x02, 0x0C, 0x00, 0x00, 0x00, 0x00, 0x82, 0x04, 0x02, 0x10, 0x00, 0x00, 0x00, 0x00,
 654          //  0x82, 0x04, 0x02, 0x14, 0x00, 0x00, 0x00, 0x00, 0x82, 0x04, 0x02, 0x18, 0x00, 0x00, 0x00, 0x00,
 655          //  0x82, 0x04, 0x02, 0x1C, 0x00, 0x00, 0x00, 0x00, 0x82, 0x04, 0x02, 0x20, 0x00, 0x00, 0x04, 0x04,
 656          //  0x82, 0x04, 0x02, 0x24, 0x00, 0x00, 0x04, 0x04, 0x82, 0x04, 0x02, 0x28, 0x00, 0x00, 0x04, 0x04,
 657          //  0x82, 0x04, 0x02, 0x2C, 0x00, 0x00, 0x04, 0x04, 0x82, 0x04, 0x02, 0x30, 0x00, 0x00, 0x08, 0x08,
 658          //  0x82, 0x04, 0x02, 0x34, 0x00, 0x00, 0x08, 0x08, 0x82, 0x04, 0x02, 0x38, 0x00, 0x00, 0x08, 0x08,
 659          //  0x82, 0x04, 0x02, 0x3C, 0x00, 0x00, 0x08, 0x08, 0x82, 0x04, 0x02, 0x40, 0x00, 0x00, 0x08, 0x08,
 660          //  0x82, 0x04, 0x02, 0x44, 0x00, 0x00, 0x08, 0x08, 0x82, 0x04, 0x02, 0x48, 0x00, 0x00, 0x08, 0x08,
 661          //  0x82, 0x04, 0x02, 0x4C, 0x00, 0x00, 0x08, 0x08, 0x82, 0x04, 0x02, 0x50, 0x00, 0x00, 0x0C, 0x0C,
 662          //  0x82, 0x04, 0x02, 0x54, 0x00, 0x00, 0x0C, 0x0C, 0x82, 0x04, 0x02, 0x58, 0x00, 0x00, 0x0C, 0x0C,
 663          //  0x82, 0x04, 0x02, 0x5C, 0x00, 0x00, 0x0C, 0x0C, 0x82, 0x04, 0x02, 0x60, 0x00, 0x00, 0x08, 0x08,
 664          //  0x82, 0x04, 0x02, 0x64, 0x00, 0x00, 0x08, 0x08, 0x82, 0x04, 0x02, 0x68, 0x00, 0x00, 0x08, 0x08,
 665          //  0x82, 0x04, 0x02, 0x6C, 0x00, 0x00, 0x08, 0x08, 0x82, 0x04, 0x02, 0x70, 0x00, 0x00, 0x08, 0x08,
 666          //  0x82, 0x04, 0x02, 0x74, 0x00, 0x00, 0x08, 0x08, 0x82, 0x04, 0x02, 0x78, 0x00, 0x00, 0x08, 0x08,
 667          //  0x82, 0x04, 0x02, 0x7C, 0x00, 0x00, 0x08, 0x08, 0x81, 0x80, 0x05, 0x00, 0x08, 0x04, 0x02, 0x01,
 668          //  0x83, 0x00, 0x00, 0x00, 0x7F, 0xCF, 0xF3, 0xFC, 0x83, 0x00, 0x00, 0x20, 0x03, 0x60, 0x74, 0x0E,
 669          //  0x81, 0x80, 0x00, 0x04, 0x03, 0x92, 0x27, 0xF3, 0x81, 0x80, 0x0C, 0x80, 0x00, 0x00, 0x26, 0x08,
 670          //  0x81, 0x80, 0x0C, 0x00, 0x00, 0x00, 0x26, 0x09, 0x81, 0x80, 0x0C, 0x10, 0x00, 0x00, 0x26, 0x09,
 671          //  0x81, 0x80, 0x0C, 0x20, 0x00, 0x00, 0x26, 0x09, 0x81, 0x80, 0x0C, 0x30, 0x00, 0x00, 0x26, 0x09,
 672          //  0x80, 0x00, 0x00, 0xA0, 0x26, 0x03, 0x02, 0x3E, 0x80, 0x00, 0x00, 0xA4, 0x00, 0x01, 0x00, 0x19,
 673          //  0x87, 0x80, 0x00, 0x04, 0x02, 0x00, 0x00, 0x00, 0x84, 0x00, 0x40, 0x54, 0x02, 0xC0, 0xC0, 0x04,
 674          //  0x84, 0x00, 0x40, 0x54, 0x00, 0x00, 0x91, 0x40, 0x84, 0x00, 0x40, 0x54, 0x02, 0xC0, 0x00, 0x00,
C51 COMPILER V9.56.0.0   TABLE                                                             11/12/2020 12:58:01 PAGE 12  

 675          //  0x85, 0x00, 0x40, 0x54, 0x02, 0xC0, 0xC0, 0x04, 0x85, 0x00, 0x40, 0x54, 0x00, 0x00, 0x91, 0x40,
 676          //  0x85, 0x00, 0x40, 0x54, 0x02, 0xC0, 0x00, 0x00, 0x8A, 0x00, 0x20, 0x00, 0x55, 0x00, 0x00, 0x03,
 677          //  0x82, 0x04, 0x00, 0x00, 0x08, 0x00, 0x00, 0x11, 0x86, 0x00, 0x00, 0x00, 0x00, 0x00, 0x60, 0xA1,
 678            
 679          //  0x82, 0x00, 0x00, 0x04, 0x00, 0x01, 0x00, 0x02, 0x82, 0x00, 0x20, 0x04, 0x00, 0x01, 0x00, 0x04,
 680          //  0x82, 0x00, 0x40, 0x04, 0x00, 0x07, 0x00, 0x06, 0x82, 0x00, 0x60, 0x04, 0x00, 0x09, 0x00, 0x08,
 681          //  0x82, 0x00, 0x80, 0x04, 0x00, 0x0B, 0x00, 0x0A, 0x82, 0x00, 0xA0, 0x04, 0x00, 0x0D, 0x00, 0x0C,
 682          //  0x82, 0x00, 0xC0, 0x04, 0x00, 0x0F, 0x00, 0x0E, 0x82, 0x00, 0xE0, 0x04, 0x00, 0x05, 0x00, 0x03,
 683          //  0x8A, 0x00, 0x00, 0x04, 0x00, 0x02, 0x07, 0x02, 0x8A, 0x00, 0x00, 0x08, 0x00, 0x02, 0x0B, 0x04,
 684          //  0x8A, 0x00, 0x00, 0x0C, 0x00, 0x02, 0x0F, 0x06, 0x8A, 0x00, 0x00, 0x10, 0x00, 0x02, 0x13, 0x08,
 685          //  0x8A, 0x00, 0x00, 0x14, 0x00, 0x02, 0x17, 0x0A, 0x8A, 0x00, 0x00, 0x18, 0x00, 0x02, 0x1B, 0x0C,
 686          //  0x8A, 0x00, 0x00, 0x1C, 0x00, 0x02, 0x1F, 0x0E, 0x8A, 0x00, 0x20, 0x20, 0x45, 0x00, 0x00, 0x13,
 687          //  0x8A, 0x00, 0x20, 0x24, 0x00, 0x00, 0x00, 0x00, 0x8A, 0x00, 0x20, 0x28, 0x00, 0x00, 0x00, 0x00,
 688          //  0x8A, 0x00, 0x20, 0x30, 0x44, 0x00, 0x00, 0x13, 0x8A, 0x00, 0x20, 0x34, 0x00, 0x10, 0x00, 0x00,
 689          //  0x8A, 0x00, 0x20, 0x38, 0x00, 0x00, 0x00, 0x00, 0x8A, 0x00, 0x20, 0x40, 0x54, 0x00, 0x00, 0x13,
 690          //  0x8A, 0x00, 0x20, 0x44, 0x00, 0x00, 0x00, 0x00, 0x8A, 0x00, 0x20, 0x48, 0x00, 0x00, 0x00, 0x00,
 691          //  0x8A, 0x00, 0x20, 0x50, 0x44, 0x00, 0x00, 0x13, 0x8A, 0x00, 0x20, 0x54, 0x00, 0x40, 0x00, 0x00,
 692          //  0x8A, 0x00, 0x20, 0x58, 0x00, 0x00, 0x00, 0x00, 0x8A, 0x00, 0x20, 0x60, 0x44, 0x00, 0x00, 0x13,
 693          //  0x8A, 0x00, 0x20, 0x64, 0x00, 0x00, 0x00, 0x01, 0x8A, 0x00, 0x20, 0x68, 0x00, 0x00, 0x00, 0x00,
 694          //  0x8A, 0x00, 0x20, 0x70, 0x44, 0x00, 0x00, 0x13, 0x8A, 0x00, 0x20, 0x74, 0x00, 0x00, 0x00, 0x04,
 695          //  0x8A, 0x00, 0x20, 0x78, 0x00, 0x00, 0x00, 0x00, 0x8A, 0x00, 0x20, 0x80, 0x44, 0x00, 0x00, 0x13,
 696          //  0x8A, 0x00, 0x20, 0x84, 0x00, 0x00, 0x00, 0x10, 0x8A, 0x00, 0x20, 0x88, 0x00, 0x00, 0x00, 0x00,
 697          //  0x8A, 0x00, 0x20, 0x90, 0x44, 0x00, 0x00, 0x13, 0x8A, 0x00, 0x20, 0x94, 0x00, 0x00, 0x00, 0x40,
 698          //  0x8A, 0x00, 0x20, 0x98, 0x00, 0x00, 0x00, 0x00, 0x8A, 0x00, 0x20, 0xA0, 0x44, 0x00, 0x00, 0x13,
 699          //  0x8A, 0x00, 0x20, 0xA4, 0x00, 0x00, 0x01, 0x00, 0x8A, 0x00, 0x20, 0xA8, 0x00, 0x00, 0x00, 0x00,
 700          //  0x8A, 0x00, 0x20, 0xB0, 0x44, 0x00, 0x00, 0x13, 0x8A, 0x00, 0x20, 0xB4, 0x00, 0x00, 0x04, 0x00,
 701          //  0x8A, 0x00, 0x20, 0xB8, 0x00, 0x00, 0x00, 0x00, 0x8A, 0x00, 0x20, 0xC0, 0x44, 0x00, 0x00, 0x13,
 702          //  0x8A, 0x00, 0x20, 0xC4, 0x00, 0x00, 0x10, 0x00, 0x8A, 0x00, 0x20, 0xC8, 0x00, 0x00, 0x00, 0x00,
 703          //  0x8A, 0x00, 0x20, 0xD0, 0x44, 0x00, 0x00, 0x13, 0x8A, 0x00, 0x20, 0xD4, 0x00, 0x00, 0x40, 0x00,
 704          //  0x8A, 0x00, 0x20, 0xD8, 0x00, 0x00, 0x00, 0x00, 0x8A, 0x00, 0x20, 0xE0, 0x44, 0x00, 0x00, 0x13,
 705          //  0x8A, 0x00, 0x20, 0xE4, 0x00, 0x01, 0x00, 0x00, 0x8A, 0x00, 0x20, 0xE8, 0x00, 0x00, 0x00, 0x00,
 706          //  0x8A, 0x00, 0x20, 0xF0, 0x44, 0x00, 0x00, 0x13, 0x8A, 0x00, 0x20, 0xF4, 0x00, 0x04, 0x00, 0x00,
 707          //  0x8A, 0x00, 0x20, 0xF8, 0x00, 0x00, 0x00, 0x00, 0x80, 0x00, 0x00, 0xF8, 0x03, 0x22, 0x20, 0x18,
 708          //  0x80, 0x00, 0x00, 0x00, 0x00, 0x00, 0x60, 0x01, 0xFF, 0xFF,
 709          //};
 710          
 711          #endif
 712          
 713          


MODULE INFORMATION:   STATIC OVERLAYABLE
   CODE SIZE        =   ----    ----
   CONSTANT SIZE    =   5292    ----
   XDATA SIZE       =   ----    ----
   PDATA SIZE       =   ----    ----
   DATA SIZE        =   ----    ----
   IDATA SIZE       =   ----    ----
   BIT SIZE         =   ----    ----
END OF MODULE INFORMATION.


C51 COMPILATION COMPLETE.  0 WARNING(S),  0 ERROR(S)
